INFO  [ScheduledTasks:1] 2023-07-06 00:15:34,974 ColumnFamilyStore.java:881 - Enqueuing flush of sstable_activity: 0.767KiB (0%) on-heap, 0.000KiB (0%) off-heap
INFO  [PerDiskMemtableFlushWriter_0:10] 2023-07-06 00:15:34,978 Memtable.java:499 - Writing Memtable-sstable_activity@1801100801(0.083KiB serialized bytes, 12 ops, 0%/0% of on/off-heap limit), flushed range = (min(-9223372036854775808), max(9223372036854775807)]
INFO  [PerDiskMemtableFlushWriter_0:10] 2023-07-06 00:15:34,978 Memtable.java:528 - Completed flushing /home/ruiming/cas/data/data/system/sstable_activity-5a1ff267ace03f128563cfae6103c65e/nb-3-big-Data.db (0.071KiB) for commitlog position CommitLogPosition(segmentId=1688606133965, position=1790925)
INFO  [ScheduledTasks:1] 2023-07-06 00:15:35,798 ColumnFamilyStore.java:881 - Enqueuing flush of size_estimates: 127.397KiB (0%) on-heap, 0.000KiB (0%) off-heap
INFO  [PerDiskMemtableFlushWriter_0:11] 2023-07-06 00:15:35,801 Memtable.java:499 - Writing Memtable-size_estimates@1967284252(21.010KiB serialized bytes, 2244 ops, 0%/0% of on/off-heap limit), flushed range = (min(-9223372036854775808), max(9223372036854775807)]
INFO  [PerDiskMemtableFlushWriter_0:11] 2023-07-06 00:15:35,802 Memtable.java:528 - Completed flushing /home/ruiming/cas/data/data/system/size_estimates-618f817b005f3678b8a453f3930b8e86/nb-3-big-Data.db (15.013KiB) for commitlog position CommitLogPosition(segmentId=1688606133965, position=1790925)
INFO  [ScheduledTasks:1] 2023-07-06 00:15:35,888 ColumnFamilyStore.java:881 - Enqueuing flush of table_estimates: 276.360KiB (0%) on-heap, 0.000KiB (0%) off-heap
INFO  [PerDiskMemtableFlushWriter_0:10] 2023-07-06 00:15:35,890 Memtable.java:499 - Writing Memtable-table_estimates@1704819994(45.426KiB serialized bytes, 4488 ops, 0%/0% of on/off-heap limit), flushed range = (min(-9223372036854775808), max(9223372036854775807)]
INFO  [PerDiskMemtableFlushWriter_0:10] 2023-07-06 00:15:35,892 Memtable.java:528 - Completed flushing /home/ruiming/cas/data/data/system/table_estimates-176c39cdb93d33a5a2188eb06a56f66e/nb-3-big-Data.db (34.169KiB) for commitlog position CommitLogPosition(segmentId=1688606133965, position=1790925)
INFO  [IndexSummaryManager:1] 2023-07-06 00:15:36,029 IndexSummaryRedistribution.java:83 - Redistributing index summaries
INFO  [ScheduledTasks:1] 2023-07-06 01:15:34,975 ColumnFamilyStore.java:881 - Enqueuing flush of sstable_activity: 0.767KiB (0%) on-heap, 0.000KiB (0%) off-heap
INFO  [PerDiskMemtableFlushWriter_0:12] 2023-07-06 01:15:34,978 Memtable.java:499 - Writing Memtable-sstable_activity@188676440(0.083KiB serialized bytes, 12 ops, 0%/0% of on/off-heap limit), flushed range = (min(-9223372036854775808), max(9223372036854775807)]
INFO  [PerDiskMemtableFlushWriter_0:12] 2023-07-06 01:15:34,978 Memtable.java:528 - Completed flushing /home/ruiming/cas/data/data/system/sstable_activity-5a1ff267ace03f128563cfae6103c65e/nb-4-big-Data.db (0.071KiB) for commitlog position CommitLogPosition(segmentId=1688606133965, position=2388737)
INFO  [CompactionExecutor:5] 2023-07-06 01:15:35,047 CompactionTask.java:156 - Compacting (2305fa60-1bbc-11ee-ae10-af110c93748f) [/home/ruiming/cas/data/data/system/sstable_activity-5a1ff267ace03f128563cfae6103c65e/nb-1-big-Data.db:level=0, /home/ruiming/cas/data/data/system/sstable_activity-5a1ff267ace03f128563cfae6103c65e/nb-2-big-Data.db:level=0, /home/ruiming/cas/data/data/system/sstable_activity-5a1ff267ace03f128563cfae6103c65e/nb-4-big-Data.db:level=0, /home/ruiming/cas/data/data/system/sstable_activity-5a1ff267ace03f128563cfae6103c65e/nb-3-big-Data.db:level=0, ]
INFO  [CompactionExecutor:5] 2023-07-06 01:15:35,160 CompactionTask.java:247 - Compacted (2305fa60-1bbc-11ee-ae10-af110c93748f) 4 sstables to [/home/ruiming/cas/data/data/system/sstable_activity-5a1ff267ace03f128563cfae6103c65e/nb-5-big,] to level=0.  0.400KiB to 0.080KiB (~20% of original) in 112ms.  Read Throughput = 3.561KiB/s, Write Throughput = 0.712KiB/s, Row Throughput = ~8/s.  10 total partitions merged to 1.  Partition merge counts were {1:6, 4:1, }
INFO  [NonPeriodicTasks:1] 2023-07-06 01:15:35,160 SSTable.java:111 - Deleting sstable: /home/ruiming/cas/data/data/system/sstable_activity-5a1ff267ace03f128563cfae6103c65e/nb-1-big
INFO  [NonPeriodicTasks:1] 2023-07-06 01:15:35,161 SSTable.java:111 - Deleting sstable: /home/ruiming/cas/data/data/system/sstable_activity-5a1ff267ace03f128563cfae6103c65e/nb-2-big
INFO  [NonPeriodicTasks:1] 2023-07-06 01:15:35,162 SSTable.java:111 - Deleting sstable: /home/ruiming/cas/data/data/system/sstable_activity-5a1ff267ace03f128563cfae6103c65e/nb-4-big
INFO  [NonPeriodicTasks:1] 2023-07-06 01:15:35,163 SSTable.java:111 - Deleting sstable: /home/ruiming/cas/data/data/system/sstable_activity-5a1ff267ace03f128563cfae6103c65e/nb-3-big
INFO  [CompactionExecutor:4] 2023-07-06 01:15:35,573 AutoSavingCache.java:406 - Saved KeyCache (15 items) in 10 ms
INFO  [ScheduledTasks:1] 2023-07-06 01:15:35,799 ColumnFamilyStore.java:881 - Enqueuing flush of size_estimates: 127.397KiB (0%) on-heap, 0.000KiB (0%) off-heap
INFO  [PerDiskMemtableFlushWriter_0:13] 2023-07-06 01:15:35,802 Memtable.java:499 - Writing Memtable-size_estimates@2039567558(21.010KiB serialized bytes, 2244 ops, 0%/0% of on/off-heap limit), flushed range = (min(-9223372036854775808), max(9223372036854775807)]
INFO  [PerDiskMemtableFlushWriter_0:13] 2023-07-06 01:15:35,803 Memtable.java:528 - Completed flushing /home/ruiming/cas/data/data/system/size_estimates-618f817b005f3678b8a453f3930b8e86/nb-4-big-Data.db (15.013KiB) for commitlog position CommitLogPosition(segmentId=1688606133965, position=2389309)
INFO  [CompactionExecutor:5] 2023-07-06 01:15:35,865 CompactionTask.java:156 - Compacting (2382f290-1bbc-11ee-ae10-af110c93748f) [/home/ruiming/cas/data/data/system/size_estimates-618f817b005f3678b8a453f3930b8e86/nb-3-big-Data.db:level=0, /home/ruiming/cas/data/data/system/size_estimates-618f817b005f3678b8a453f3930b8e86/nb-4-big-Data.db:level=0, /home/ruiming/cas/data/data/system/size_estimates-618f817b005f3678b8a453f3930b8e86/nb-1-big-Data.db:level=0, /home/ruiming/cas/data/data/system/size_estimates-618f817b005f3678b8a453f3930b8e86/nb-2-big-Data.db:level=0, ]
INFO  [ScheduledTasks:1] 2023-07-06 01:15:35,888 ColumnFamilyStore.java:881 - Enqueuing flush of table_estimates: 276.360KiB (0%) on-heap, 0.000KiB (0%) off-heap
INFO  [PerDiskMemtableFlushWriter_0:12] 2023-07-06 01:15:35,899 Memtable.java:499 - Writing Memtable-table_estimates@100206159(45.426KiB serialized bytes, 4488 ops, 0%/0% of on/off-heap limit), flushed range = (min(-9223372036854775808), max(9223372036854775807)]
INFO  [PerDiskMemtableFlushWriter_0:12] 2023-07-06 01:15:35,901 Memtable.java:528 - Completed flushing /home/ruiming/cas/data/data/system/table_estimates-176c39cdb93d33a5a2188eb06a56f66e/nb-4-big-Data.db (34.169KiB) for commitlog position CommitLogPosition(segmentId=1688606133965, position=2389309)
INFO  [CompactionExecutor:4] 2023-07-06 01:15:35,961 CompactionTask.java:156 - Compacting (23919890-1bbc-11ee-ae10-af110c93748f) [/home/ruiming/cas/data/data/system/table_estimates-176c39cdb93d33a5a2188eb06a56f66e/nb-4-big-Data.db:level=0, /home/ruiming/cas/data/data/system/table_estimates-176c39cdb93d33a5a2188eb06a56f66e/nb-3-big-Data.db:level=0, /home/ruiming/cas/data/data/system/table_estimates-176c39cdb93d33a5a2188eb06a56f66e/nb-2-big-Data.db:level=0, /home/ruiming/cas/data/data/system/table_estimates-176c39cdb93d33a5a2188eb06a56f66e/nb-1-big-Data.db:level=0, ]
INFO  [CompactionExecutor:5] 2023-07-06 01:15:35,982 CompactionTask.java:247 - Compacted (2382f290-1bbc-11ee-ae10-af110c93748f) 4 sstables to [/home/ruiming/cas/data/data/system/size_estimates-618f817b005f3678b8a453f3930b8e86/nb-5-big,] to level=0.  10.358KiB to 2.307KiB (~22% of original) in 116ms.  Read Throughput = 89.045KiB/s, Write Throughput = 19.828KiB/s, Row Throughput = ~202/s.  16 total partitions merged to 4.  Partition merge counts were {4:4, }
INFO  [NonPeriodicTasks:1] 2023-07-06 01:15:35,982 SSTable.java:111 - Deleting sstable: /home/ruiming/cas/data/data/system/size_estimates-618f817b005f3678b8a453f3930b8e86/nb-3-big
INFO  [NonPeriodicTasks:1] 2023-07-06 01:15:35,984 SSTable.java:111 - Deleting sstable: /home/ruiming/cas/data/data/system/size_estimates-618f817b005f3678b8a453f3930b8e86/nb-4-big
INFO  [NonPeriodicTasks:1] 2023-07-06 01:15:35,984 SSTable.java:111 - Deleting sstable: /home/ruiming/cas/data/data/system/size_estimates-618f817b005f3678b8a453f3930b8e86/nb-1-big
INFO  [NonPeriodicTasks:1] 2023-07-06 01:15:35,985 SSTable.java:111 - Deleting sstable: /home/ruiming/cas/data/data/system/size_estimates-618f817b005f3678b8a453f3930b8e86/nb-2-big
INFO  [IndexSummaryManager:1] 2023-07-06 01:15:36,033 IndexSummaryRedistribution.java:83 - Redistributing index summaries
INFO  [CompactionExecutor:4] 2023-07-06 01:15:36,087 CompactionTask.java:247 - Compacted (23919890-1bbc-11ee-ae10-af110c93748f) 4 sstables to [/home/ruiming/cas/data/data/system/table_estimates-176c39cdb93d33a5a2188eb06a56f66e/nb-5-big,] to level=0.  22.780KiB to 4.712KiB (~20% of original) in 125ms.  Read Throughput = 181.674KiB/s, Write Throughput = 37.577KiB/s, Row Throughput = ~400/s.  16 total partitions merged to 4.  Partition merge counts were {4:4, }
INFO  [NonPeriodicTasks:1] 2023-07-06 01:15:36,087 SSTable.java:111 - Deleting sstable: /home/ruiming/cas/data/data/system/table_estimates-176c39cdb93d33a5a2188eb06a56f66e/nb-1-big
INFO  [NonPeriodicTasks:1] 2023-07-06 01:15:36,088 SSTable.java:111 - Deleting sstable: /home/ruiming/cas/data/data/system/table_estimates-176c39cdb93d33a5a2188eb06a56f66e/nb-4-big
INFO  [NonPeriodicTasks:1] 2023-07-06 01:15:36,089 SSTable.java:111 - Deleting sstable: /home/ruiming/cas/data/data/system/table_estimates-176c39cdb93d33a5a2188eb06a56f66e/nb-3-big
INFO  [NonPeriodicTasks:1] 2023-07-06 01:15:36,090 SSTable.java:111 - Deleting sstable: /home/ruiming/cas/data/data/system/table_estimates-176c39cdb93d33a5a2188eb06a56f66e/nb-2-big
INFO  [ScheduledTasks:1] 2023-07-06 02:15:34,968 ColumnFamilyStore.java:881 - Enqueuing flush of compaction_history: 3.440KiB (0%) on-heap, 0.000KiB (0%) off-heap
INFO  [PerDiskMemtableFlushWriter_0:14] 2023-07-06 02:15:34,971 Memtable.java:499 - Writing Memtable-compaction_history@1444067683(0.619KiB serialized bytes, 3 ops, 0%/0% of on/off-heap limit), flushed range = (min(-9223372036854775808), max(9223372036854775807)]
INFO  [PerDiskMemtableFlushWriter_0:14] 2023-07-06 02:15:34,972 Memtable.java:528 - Completed flushing /home/ruiming/cas/data/data/system/compaction_history-b4dbb7b4dc493fb5b3bfce6e434832ca/nb-2-big-Data.db (0.342KiB) for commitlog position CommitLogPosition(segmentId=1688606133965, position=2988220)
INFO  [ScheduledTasks:1] 2023-07-06 02:15:34,975 ColumnFamilyStore.java:881 - Enqueuing flush of sstable_activity: 4.118KiB (0%) on-heap, 0.000KiB (0%) off-heap
INFO  [PerDiskMemtableFlushWriter_0:15] 2023-07-06 02:15:34,979 Memtable.java:499 - Writing Memtable-sstable_activity@342441(0.177KiB serialized bytes, 24 ops, 0%/0% of on/off-heap limit), flushed range = (min(-9223372036854775808), max(9223372036854775807)]
INFO  [PerDiskMemtableFlushWriter_0:15] 2023-07-06 02:15:34,979 Memtable.java:528 - Completed flushing /home/ruiming/cas/data/data/system/sstable_activity-5a1ff267ace03f128563cfae6103c65e/nb-6-big-Data.db (0.646KiB) for commitlog position CommitLogPosition(segmentId=1688606133965, position=2988220)
INFO  [ScheduledTasks:1] 2023-07-06 02:15:35,799 ColumnFamilyStore.java:881 - Enqueuing flush of size_estimates: 127.397KiB (0%) on-heap, 0.000KiB (0%) off-heap
INFO  [PerDiskMemtableFlushWriter_0:14] 2023-07-06 02:15:35,802 Memtable.java:499 - Writing Memtable-size_estimates@1490378193(21.010KiB serialized bytes, 2244 ops, 0%/0% of on/off-heap limit), flushed range = (min(-9223372036854775808), max(9223372036854775807)]
INFO  [PerDiskMemtableFlushWriter_0:14] 2023-07-06 02:15:35,802 Memtable.java:528 - Completed flushing /home/ruiming/cas/data/data/system/size_estimates-618f817b005f3678b8a453f3930b8e86/nb-6-big-Data.db (15.013KiB) for commitlog position CommitLogPosition(segmentId=1688606133965, position=2988220)
INFO  [ScheduledTasks:1] 2023-07-06 02:15:35,889 ColumnFamilyStore.java:881 - Enqueuing flush of table_estimates: 276.360KiB (0%) on-heap, 0.000KiB (0%) off-heap
INFO  [PerDiskMemtableFlushWriter_0:15] 2023-07-06 02:15:35,891 Memtable.java:499 - Writing Memtable-table_estimates@247650265(45.426KiB serialized bytes, 4488 ops, 0%/0% of on/off-heap limit), flushed range = (min(-9223372036854775808), max(9223372036854775807)]
INFO  [PerDiskMemtableFlushWriter_0:15] 2023-07-06 02:15:35,893 Memtable.java:528 - Completed flushing /home/ruiming/cas/data/data/system/table_estimates-176c39cdb93d33a5a2188eb06a56f66e/nb-6-big-Data.db (34.169KiB) for commitlog position CommitLogPosition(segmentId=1688606133965, position=2988220)
INFO  [IndexSummaryManager:1] 2023-07-06 02:15:36,036 IndexSummaryRedistribution.java:83 - Redistributing index summaries
INFO  [ScheduledTasks:1] 2023-07-06 03:15:34,976 ColumnFamilyStore.java:881 - Enqueuing flush of sstable_activity: 0.767KiB (0%) on-heap, 0.000KiB (0%) off-heap
INFO  [PerDiskMemtableFlushWriter_0:16] 2023-07-06 03:15:34,979 Memtable.java:499 - Writing Memtable-sstable_activity@660410165(0.083KiB serialized bytes, 12 ops, 0%/0% of on/off-heap limit), flushed range = (min(-9223372036854775808), max(9223372036854775807)]
INFO  [PerDiskMemtableFlushWriter_0:16] 2023-07-06 03:15:34,979 Memtable.java:528 - Completed flushing /home/ruiming/cas/data/data/system/sstable_activity-5a1ff267ace03f128563cfae6103c65e/nb-7-big-Data.db (0.071KiB) for commitlog position CommitLogPosition(segmentId=1688606133965, position=3586032)
INFO  [ScheduledTasks:1] 2023-07-06 03:15:35,800 ColumnFamilyStore.java:881 - Enqueuing flush of size_estimates: 127.397KiB (0%) on-heap, 0.000KiB (0%) off-heap
INFO  [PerDiskMemtableFlushWriter_0:17] 2023-07-06 03:15:35,803 Memtable.java:499 - Writing Memtable-size_estimates@512522792(21.010KiB serialized bytes, 2244 ops, 0%/0% of on/off-heap limit), flushed range = (min(-9223372036854775808), max(9223372036854775807)]
INFO  [PerDiskMemtableFlushWriter_0:17] 2023-07-06 03:15:35,803 Memtable.java:528 - Completed flushing /home/ruiming/cas/data/data/system/size_estimates-618f817b005f3678b8a453f3930b8e86/nb-7-big-Data.db (15.013KiB) for commitlog position CommitLogPosition(segmentId=1688606133965, position=3586032)
INFO  [ScheduledTasks:1] 2023-07-06 03:15:35,890 ColumnFamilyStore.java:881 - Enqueuing flush of table_estimates: 276.360KiB (0%) on-heap, 0.000KiB (0%) off-heap
INFO  [PerDiskMemtableFlushWriter_0:16] 2023-07-06 03:15:35,892 Memtable.java:499 - Writing Memtable-table_estimates@698021294(45.426KiB serialized bytes, 4488 ops, 0%/0% of on/off-heap limit), flushed range = (min(-9223372036854775808), max(9223372036854775807)]
INFO  [PerDiskMemtableFlushWriter_0:16] 2023-07-06 03:15:35,893 Memtable.java:528 - Completed flushing /home/ruiming/cas/data/data/system/table_estimates-176c39cdb93d33a5a2188eb06a56f66e/nb-7-big-Data.db (34.169KiB) for commitlog position CommitLogPosition(segmentId=1688606133965, position=3586032)
INFO  [IndexSummaryManager:1] 2023-07-06 03:15:36,039 IndexSummaryRedistribution.java:83 - Redistributing index summaries
INFO  [ScheduledTasks:1] 2023-07-06 04:15:34,976 ColumnFamilyStore.java:881 - Enqueuing flush of sstable_activity: 0.767KiB (0%) on-heap, 0.000KiB (0%) off-heap
INFO  [PerDiskMemtableFlushWriter_0:18] 2023-07-06 04:15:34,980 Memtable.java:499 - Writing Memtable-sstable_activity@873051464(0.083KiB serialized bytes, 12 ops, 0%/0% of on/off-heap limit), flushed range = (min(-9223372036854775808), max(9223372036854775807)]
INFO  [PerDiskMemtableFlushWriter_0:18] 2023-07-06 04:15:34,980 Memtable.java:528 - Completed flushing /home/ruiming/cas/data/data/system/sstable_activity-5a1ff267ace03f128563cfae6103c65e/nb-8-big-Data.db (0.071KiB) for commitlog position CommitLogPosition(segmentId=1688606133965, position=4183836)
INFO  [CompactionExecutor:5] 2023-07-06 04:15:35,048 CompactionTask.java:156 - Compacting (48538080-1bd5-11ee-ae10-af110c93748f) [/home/ruiming/cas/data/data/system/sstable_activity-5a1ff267ace03f128563cfae6103c65e/nb-7-big-Data.db:level=0, /home/ruiming/cas/data/data/system/sstable_activity-5a1ff267ace03f128563cfae6103c65e/nb-8-big-Data.db:level=0, /home/ruiming/cas/data/data/system/sstable_activity-5a1ff267ace03f128563cfae6103c65e/nb-5-big-Data.db:level=0, /home/ruiming/cas/data/data/system/sstable_activity-5a1ff267ace03f128563cfae6103c65e/nb-6-big-Data.db:level=0, ]
INFO  [NonPeriodicTasks:1] 2023-07-06 04:15:35,160 SSTable.java:111 - Deleting sstable: /home/ruiming/cas/data/data/system/sstable_activity-5a1ff267ace03f128563cfae6103c65e/nb-7-big
INFO  [CompactionExecutor:5] 2023-07-06 04:15:35,160 CompactionTask.java:247 - Compacted (48538080-1bd5-11ee-ae10-af110c93748f) 4 sstables to [/home/ruiming/cas/data/data/system/sstable_activity-5a1ff267ace03f128563cfae6103c65e/nb-9-big,] to level=0.  0.512KiB to 0.080KiB (~15% of original) in 111ms.  Read Throughput = 4.594KiB/s, Write Throughput = 0.719KiB/s, Row Throughput = ~14/s.  16 total partitions merged to 1.  Partition merge counts were {1:12, 4:1, }
INFO  [NonPeriodicTasks:1] 2023-07-06 04:15:35,161 SSTable.java:111 - Deleting sstable: /home/ruiming/cas/data/data/system/sstable_activity-5a1ff267ace03f128563cfae6103c65e/nb-8-big
INFO  [NonPeriodicTasks:1] 2023-07-06 04:15:35,162 SSTable.java:111 - Deleting sstable: /home/ruiming/cas/data/data/system/sstable_activity-5a1ff267ace03f128563cfae6103c65e/nb-5-big
INFO  [NonPeriodicTasks:1] 2023-07-06 04:15:35,163 SSTable.java:111 - Deleting sstable: /home/ruiming/cas/data/data/system/sstable_activity-5a1ff267ace03f128563cfae6103c65e/nb-6-big
INFO  [ScheduledTasks:1] 2023-07-06 04:15:35,800 ColumnFamilyStore.java:881 - Enqueuing flush of size_estimates: 127.397KiB (0%) on-heap, 0.000KiB (0%) off-heap
INFO  [PerDiskMemtableFlushWriter_0:19] 2023-07-06 04:15:35,803 Memtable.java:499 - Writing Memtable-size_estimates@463223534(21.010KiB serialized bytes, 2244 ops, 0%/0% of on/off-heap limit), flushed range = (min(-9223372036854775808), max(9223372036854775807)]
INFO  [PerDiskMemtableFlushWriter_0:19] 2023-07-06 04:15:35,804 Memtable.java:528 - Completed flushing /home/ruiming/cas/data/data/system/size_estimates-618f817b005f3678b8a453f3930b8e86/nb-8-big-Data.db (15.013KiB) for commitlog position CommitLogPosition(segmentId=1688606133965, position=4184408)
INFO  [CompactionExecutor:4] 2023-07-06 04:15:35,871 CompactionTask.java:156 - Compacting (48d114f0-1bd5-11ee-ae10-af110c93748f) [/home/ruiming/cas/data/data/system/size_estimates-618f817b005f3678b8a453f3930b8e86/nb-5-big-Data.db:level=0, /home/ruiming/cas/data/data/system/size_estimates-618f817b005f3678b8a453f3930b8e86/nb-6-big-Data.db:level=0, /home/ruiming/cas/data/data/system/size_estimates-618f817b005f3678b8a453f3930b8e86/nb-8-big-Data.db:level=0, /home/ruiming/cas/data/data/system/size_estimates-618f817b005f3678b8a453f3930b8e86/nb-7-big-Data.db:level=0, ]
INFO  [ScheduledTasks:1] 2023-07-06 04:15:35,890 ColumnFamilyStore.java:881 - Enqueuing flush of table_estimates: 276.360KiB (0%) on-heap, 0.000KiB (0%) off-heap
INFO  [PerDiskMemtableFlushWriter_0:18] 2023-07-06 04:15:35,901 Memtable.java:499 - Writing Memtable-table_estimates@986598841(45.426KiB serialized bytes, 4488 ops, 0%/0% of on/off-heap limit), flushed range = (min(-9223372036854775808), max(9223372036854775807)]
INFO  [PerDiskMemtableFlushWriter_0:18] 2023-07-06 04:15:35,902 Memtable.java:528 - Completed flushing /home/ruiming/cas/data/data/system/table_estimates-176c39cdb93d33a5a2188eb06a56f66e/nb-8-big-Data.db (34.169KiB) for commitlog position CommitLogPosition(segmentId=1688606133965, position=4184408)
INFO  [CompactionExecutor:5] 2023-07-06 04:15:35,970 CompactionTask.java:156 - Compacting (48e03020-1bd5-11ee-ae10-af110c93748f) [/home/ruiming/cas/data/data/system/table_estimates-176c39cdb93d33a5a2188eb06a56f66e/nb-7-big-Data.db:level=0, /home/ruiming/cas/data/data/system/table_estimates-176c39cdb93d33a5a2188eb06a56f66e/nb-6-big-Data.db:level=0, /home/ruiming/cas/data/data/system/table_estimates-176c39cdb93d33a5a2188eb06a56f66e/nb-8-big-Data.db:level=0, /home/ruiming/cas/data/data/system/table_estimates-176c39cdb93d33a5a2188eb06a56f66e/nb-5-big-Data.db:level=0, ]
INFO  [CompactionExecutor:4] 2023-07-06 04:15:35,990 CompactionTask.java:247 - Compacted (48d114f0-1bd5-11ee-ae10-af110c93748f) 4 sstables to [/home/ruiming/cas/data/data/system/size_estimates-618f817b005f3678b8a453f3930b8e86/nb-9-big,] to level=0.  10.087KiB to 2.304KiB (~22% of original) in 118ms.  Read Throughput = 85.220KiB/s, Write Throughput = 19.463KiB/s, Row Throughput = ~202/s.  16 total partitions merged to 4.  Partition merge counts were {4:4, }
INFO  [NonPeriodicTasks:1] 2023-07-06 04:15:35,990 SSTable.java:111 - Deleting sstable: /home/ruiming/cas/data/data/system/size_estimates-618f817b005f3678b8a453f3930b8e86/nb-5-big
INFO  [NonPeriodicTasks:1] 2023-07-06 04:15:35,991 SSTable.java:111 - Deleting sstable: /home/ruiming/cas/data/data/system/size_estimates-618f817b005f3678b8a453f3930b8e86/nb-8-big
INFO  [NonPeriodicTasks:1] 2023-07-06 04:15:35,992 SSTable.java:111 - Deleting sstable: /home/ruiming/cas/data/data/system/size_estimates-618f817b005f3678b8a453f3930b8e86/nb-6-big
INFO  [NonPeriodicTasks:1] 2023-07-06 04:15:35,993 SSTable.java:111 - Deleting sstable: /home/ruiming/cas/data/data/system/size_estimates-618f817b005f3678b8a453f3930b8e86/nb-7-big
INFO  [IndexSummaryManager:1] 2023-07-06 04:15:36,041 IndexSummaryRedistribution.java:83 - Redistributing index summaries
INFO  [NonPeriodicTasks:1] 2023-07-06 04:15:36,078 SSTable.java:111 - Deleting sstable: /home/ruiming/cas/data/data/system/table_estimates-176c39cdb93d33a5a2188eb06a56f66e/nb-7-big
INFO  [CompactionExecutor:5] 2023-07-06 04:15:36,079 CompactionTask.java:247 - Compacted (48e03020-1bd5-11ee-ae10-af110c93748f) 4 sstables to [/home/ruiming/cas/data/data/system/table_estimates-176c39cdb93d33a5a2188eb06a56f66e/nb-9-big,] to level=0.  21.827KiB to 4.725KiB (~21% of original) in 108ms.  Read Throughput = 201.648KiB/s, Write Throughput = 43.647KiB/s, Row Throughput = ~400/s.  16 total partitions merged to 4.  Partition merge counts were {4:4, }
INFO  [NonPeriodicTasks:1] 2023-07-06 04:15:36,079 SSTable.java:111 - Deleting sstable: /home/ruiming/cas/data/data/system/table_estimates-176c39cdb93d33a5a2188eb06a56f66e/nb-6-big
INFO  [NonPeriodicTasks:1] 2023-07-06 04:15:36,080 SSTable.java:111 - Deleting sstable: /home/ruiming/cas/data/data/system/table_estimates-176c39cdb93d33a5a2188eb06a56f66e/nb-8-big
INFO  [NonPeriodicTasks:1] 2023-07-06 04:15:36,081 SSTable.java:111 - Deleting sstable: /home/ruiming/cas/data/data/system/table_estimates-176c39cdb93d33a5a2188eb06a56f66e/nb-5-big
INFO  [ScheduledTasks:1] 2023-07-06 05:15:34,969 ColumnFamilyStore.java:881 - Enqueuing flush of compaction_history: 3.440KiB (0%) on-heap, 0.000KiB (0%) off-heap
INFO  [PerDiskMemtableFlushWriter_0:20] 2023-07-06 05:15:34,972 Memtable.java:499 - Writing Memtable-compaction_history@1209768062(0.619KiB serialized bytes, 3 ops, 0%/0% of on/off-heap limit), flushed range = (min(-9223372036854775808), max(9223372036854775807)]
INFO  [PerDiskMemtableFlushWriter_0:20] 2023-07-06 05:15:34,973 Memtable.java:528 - Completed flushing /home/ruiming/cas/data/data/system/compaction_history-b4dbb7b4dc493fb5b3bfce6e434832ca/nb-3-big-Data.db (0.342KiB) for commitlog position CommitLogPosition(segmentId=1688606133965, position=4783327)
INFO  [ScheduledTasks:1] 2023-07-06 05:15:34,977 ColumnFamilyStore.java:881 - Enqueuing flush of sstable_activity: 4.118KiB (0%) on-heap, 0.000KiB (0%) off-heap
INFO  [PerDiskMemtableFlushWriter_0:21] 2023-07-06 05:15:34,980 Memtable.java:499 - Writing Memtable-sstable_activity@1541807688(0.177KiB serialized bytes, 24 ops, 0%/0% of on/off-heap limit), flushed range = (min(-9223372036854775808), max(9223372036854775807)]
INFO  [PerDiskMemtableFlushWriter_0:21] 2023-07-06 05:15:34,980 Memtable.java:528 - Completed flushing /home/ruiming/cas/data/data/system/sstable_activity-5a1ff267ace03f128563cfae6103c65e/nb-10-big-Data.db (0.646KiB) for commitlog position CommitLogPosition(segmentId=1688606133965, position=4783327)
INFO  [CompactionExecutor:4] 2023-07-06 05:15:35,571 AutoSavingCache.java:406 - Saved KeyCache (16 items) in 9 ms
INFO  [ScheduledTasks:1] 2023-07-06 05:15:35,801 ColumnFamilyStore.java:881 - Enqueuing flush of size_estimates: 127.397KiB (0%) on-heap, 0.000KiB (0%) off-heap
INFO  [PerDiskMemtableFlushWriter_0:20] 2023-07-06 05:15:35,803 Memtable.java:499 - Writing Memtable-size_estimates@1188855565(21.010KiB serialized bytes, 2244 ops, 0%/0% of on/off-heap limit), flushed range = (min(-9223372036854775808), max(9223372036854775807)]
INFO  [PerDiskMemtableFlushWriter_0:20] 2023-07-06 05:15:35,804 Memtable.java:528 - Completed flushing /home/ruiming/cas/data/data/system/size_estimates-618f817b005f3678b8a453f3930b8e86/nb-10-big-Data.db (15.013KiB) for commitlog position CommitLogPosition(segmentId=1688606133965, position=4783327)
INFO  [ScheduledTasks:1] 2023-07-06 05:15:35,890 ColumnFamilyStore.java:881 - Enqueuing flush of table_estimates: 276.360KiB (0%) on-heap, 0.000KiB (0%) off-heap
INFO  [PerDiskMemtableFlushWriter_0:21] 2023-07-06 05:15:35,893 Memtable.java:499 - Writing Memtable-table_estimates@1428290372(45.426KiB serialized bytes, 4488 ops, 0%/0% of on/off-heap limit), flushed range = (min(-9223372036854775808), max(9223372036854775807)]
INFO  [PerDiskMemtableFlushWriter_0:21] 2023-07-06 05:15:35,894 Memtable.java:528 - Completed flushing /home/ruiming/cas/data/data/system/table_estimates-176c39cdb93d33a5a2188eb06a56f66e/nb-10-big-Data.db (34.169KiB) for commitlog position CommitLogPosition(segmentId=1688606133965, position=4783327)
INFO  [IndexSummaryManager:1] 2023-07-06 05:15:36,044 IndexSummaryRedistribution.java:83 - Redistributing index summaries
INFO  [ScheduledTasks:1] 2023-07-06 06:15:34,978 ColumnFamilyStore.java:881 - Enqueuing flush of sstable_activity: 0.767KiB (0%) on-heap, 0.000KiB (0%) off-heap
INFO  [PerDiskMemtableFlushWriter_0:22] 2023-07-06 06:15:34,981 Memtable.java:499 - Writing Memtable-sstable_activity@1860831201(0.083KiB serialized bytes, 12 ops, 0%/0% of on/off-heap limit), flushed range = (min(-9223372036854775808), max(9223372036854775807)]
INFO  [PerDiskMemtableFlushWriter_0:22] 2023-07-06 06:15:34,981 Memtable.java:528 - Completed flushing /home/ruiming/cas/data/data/system/sstable_activity-5a1ff267ace03f128563cfae6103c65e/nb-11-big-Data.db (0.071KiB) for commitlog position CommitLogPosition(segmentId=1688606133965, position=5381131)
INFO  [ScheduledTasks:1] 2023-07-06 06:15:35,801 ColumnFamilyStore.java:881 - Enqueuing flush of size_estimates: 127.397KiB (0%) on-heap, 0.000KiB (0%) off-heap
INFO  [PerDiskMemtableFlushWriter_0:23] 2023-07-06 06:15:35,804 Memtable.java:499 - Writing Memtable-size_estimates@862787251(21.010KiB serialized bytes, 2244 ops, 0%/0% of on/off-heap limit), flushed range = (min(-9223372036854775808), max(9223372036854775807)]
INFO  [PerDiskMemtableFlushWriter_0:23] 2023-07-06 06:15:35,805 Memtable.java:528 - Completed flushing /home/ruiming/cas/data/data/system/size_estimates-618f817b005f3678b8a453f3930b8e86/nb-11-big-Data.db (15.013KiB) for commitlog position CommitLogPosition(segmentId=1688606133965, position=5381131)
INFO  [ScheduledTasks:1] 2023-07-06 06:15:35,891 ColumnFamilyStore.java:881 - Enqueuing flush of table_estimates: 276.360KiB (0%) on-heap, 0.000KiB (0%) off-heap
INFO  [PerDiskMemtableFlushWriter_0:22] 2023-07-06 06:15:35,893 Memtable.java:499 - Writing Memtable-table_estimates@1613624396(45.426KiB serialized bytes, 4488 ops, 0%/0% of on/off-heap limit), flushed range = (min(-9223372036854775808), max(9223372036854775807)]
INFO  [PerDiskMemtableFlushWriter_0:22] 2023-07-06 06:15:35,894 Memtable.java:528 - Completed flushing /home/ruiming/cas/data/data/system/table_estimates-176c39cdb93d33a5a2188eb06a56f66e/nb-11-big-Data.db (34.169KiB) for commitlog position CommitLogPosition(segmentId=1688606133965, position=5381131)
INFO  [IndexSummaryManager:1] 2023-07-06 06:15:36,046 IndexSummaryRedistribution.java:83 - Redistributing index summaries
INFO  [ScheduledTasks:1] 2023-07-06 07:15:34,978 ColumnFamilyStore.java:881 - Enqueuing flush of sstable_activity: 0.767KiB (0%) on-heap, 0.000KiB (0%) off-heap
INFO  [PerDiskMemtableFlushWriter_0:24] 2023-07-06 07:15:34,981 Memtable.java:499 - Writing Memtable-sstable_activity@194224174(0.083KiB serialized bytes, 12 ops, 0%/0% of on/off-heap limit), flushed range = (min(-9223372036854775808), max(9223372036854775807)]
INFO  [PerDiskMemtableFlushWriter_0:24] 2023-07-06 07:15:34,982 Memtable.java:528 - Completed flushing /home/ruiming/cas/data/data/system/sstable_activity-5a1ff267ace03f128563cfae6103c65e/nb-12-big-Data.db (0.071KiB) for commitlog position CommitLogPosition(segmentId=1688606133965, position=5978943)
INFO  [CompactionExecutor:5] 2023-07-06 07:15:35,050 CompactionTask.java:156 - Compacting (6da106a0-1bee-11ee-ae10-af110c93748f) [/home/ruiming/cas/data/data/system/sstable_activity-5a1ff267ace03f128563cfae6103c65e/nb-12-big-Data.db:level=0, /home/ruiming/cas/data/data/system/sstable_activity-5a1ff267ace03f128563cfae6103c65e/nb-11-big-Data.db:level=0, /home/ruiming/cas/data/data/system/sstable_activity-5a1ff267ace03f128563cfae6103c65e/nb-9-big-Data.db:level=0, /home/ruiming/cas/data/data/system/sstable_activity-5a1ff267ace03f128563cfae6103c65e/nb-10-big-Data.db:level=0, ]
INFO  [NonPeriodicTasks:1] 2023-07-06 07:15:35,163 SSTable.java:111 - Deleting sstable: /home/ruiming/cas/data/data/system/sstable_activity-5a1ff267ace03f128563cfae6103c65e/nb-12-big
INFO  [CompactionExecutor:5] 2023-07-06 07:15:35,163 CompactionTask.java:247 - Compacted (6da106a0-1bee-11ee-ae10-af110c93748f) 4 sstables to [/home/ruiming/cas/data/data/system/sstable_activity-5a1ff267ace03f128563cfae6103c65e/nb-13-big,] to level=0.  0.517KiB to 0.080KiB (~15% of original) in 111ms.  Read Throughput = 4.616KiB/s, Write Throughput = 0.715KiB/s, Row Throughput = ~14/s.  16 total partitions merged to 1.  Partition merge counts were {1:12, 4:1, }
INFO  [NonPeriodicTasks:1] 2023-07-06 07:15:35,163 SSTable.java:111 - Deleting sstable: /home/ruiming/cas/data/data/system/sstable_activity-5a1ff267ace03f128563cfae6103c65e/nb-11-big
INFO  [NonPeriodicTasks:1] 2023-07-06 07:15:35,164 SSTable.java:111 - Deleting sstable: /home/ruiming/cas/data/data/system/sstable_activity-5a1ff267ace03f128563cfae6103c65e/nb-9-big
INFO  [NonPeriodicTasks:1] 2023-07-06 07:15:35,165 SSTable.java:111 - Deleting sstable: /home/ruiming/cas/data/data/system/sstable_activity-5a1ff267ace03f128563cfae6103c65e/nb-10-big
INFO  [ScheduledTasks:1] 2023-07-06 07:15:35,802 ColumnFamilyStore.java:881 - Enqueuing flush of size_estimates: 127.397KiB (0%) on-heap, 0.000KiB (0%) off-heap
INFO  [PerDiskMemtableFlushWriter_0:25] 2023-07-06 07:15:35,804 Memtable.java:499 - Writing Memtable-size_estimates@974013731(21.010KiB serialized bytes, 2244 ops, 0%/0% of on/off-heap limit), flushed range = (min(-9223372036854775808), max(9223372036854775807)]
INFO  [PerDiskMemtableFlushWriter_0:25] 2023-07-06 07:15:35,805 Memtable.java:528 - Completed flushing /home/ruiming/cas/data/data/system/size_estimates-618f817b005f3678b8a453f3930b8e86/nb-12-big-Data.db (15.013KiB) for commitlog position CommitLogPosition(segmentId=1688606133965, position=5979515)
INFO  [CompactionExecutor:5] 2023-07-06 07:15:35,865 CompactionTask.java:156 - Compacting (6e1d6290-1bee-11ee-ae10-af110c93748f) [/home/ruiming/cas/data/data/system/size_estimates-618f817b005f3678b8a453f3930b8e86/nb-12-big-Data.db:level=0, /home/ruiming/cas/data/data/system/size_estimates-618f817b005f3678b8a453f3930b8e86/nb-11-big-Data.db:level=0, /home/ruiming/cas/data/data/system/size_estimates-618f817b005f3678b8a453f3930b8e86/nb-9-big-Data.db:level=0, /home/ruiming/cas/data/data/system/size_estimates-618f817b005f3678b8a453f3930b8e86/nb-10-big-Data.db:level=0, ]
INFO  [ScheduledTasks:1] 2023-07-06 07:15:35,891 ColumnFamilyStore.java:881 - Enqueuing flush of table_estimates: 276.360KiB (0%) on-heap, 0.000KiB (0%) off-heap
INFO  [PerDiskMemtableFlushWriter_0:24] 2023-07-06 07:15:35,894 Memtable.java:499 - Writing Memtable-table_estimates@89415468(45.426KiB serialized bytes, 4488 ops, 0%/0% of on/off-heap limit), flushed range = (min(-9223372036854775808), max(9223372036854775807)]
INFO  [PerDiskMemtableFlushWriter_0:24] 2023-07-06 07:15:35,896 Memtable.java:528 - Completed flushing /home/ruiming/cas/data/data/system/table_estimates-176c39cdb93d33a5a2188eb06a56f66e/nb-12-big-Data.db (34.169KiB) for commitlog position CommitLogPosition(segmentId=1688606133965, position=5979515)
INFO  [CompactionExecutor:4] 2023-07-06 07:15:35,965 CompactionTask.java:156 - Compacting (6e2c7dc0-1bee-11ee-ae10-af110c93748f) [/home/ruiming/cas/data/data/system/table_estimates-176c39cdb93d33a5a2188eb06a56f66e/nb-9-big-Data.db:level=0, /home/ruiming/cas/data/data/system/table_estimates-176c39cdb93d33a5a2188eb06a56f66e/nb-12-big-Data.db:level=0, /home/ruiming/cas/data/data/system/table_estimates-176c39cdb93d33a5a2188eb06a56f66e/nb-11-big-Data.db:level=0, /home/ruiming/cas/data/data/system/table_estimates-176c39cdb93d33a5a2188eb06a56f66e/nb-10-big-Data.db:level=0, ]
INFO  [CompactionExecutor:5] 2023-07-06 07:15:35,985 CompactionTask.java:247 - Compacted (6e1d6290-1bee-11ee-ae10-af110c93748f) 4 sstables to [/home/ruiming/cas/data/data/system/size_estimates-618f817b005f3678b8a453f3930b8e86/nb-13-big,] to level=0.  10.081KiB to 2.298KiB (~22% of original) in 118ms.  Read Throughput = 84.740KiB/s, Write Throughput = 19.315KiB/s, Row Throughput = ~202/s.  16 total partitions merged to 4.  Partition merge counts were {4:4, }
INFO  [NonPeriodicTasks:1] 2023-07-06 07:15:35,985 SSTable.java:111 - Deleting sstable: /home/ruiming/cas/data/data/system/size_estimates-618f817b005f3678b8a453f3930b8e86/nb-9-big
INFO  [NonPeriodicTasks:1] 2023-07-06 07:15:35,986 SSTable.java:111 - Deleting sstable: /home/ruiming/cas/data/data/system/size_estimates-618f817b005f3678b8a453f3930b8e86/nb-10-big
INFO  [NonPeriodicTasks:1] 2023-07-06 07:15:35,987 SSTable.java:111 - Deleting sstable: /home/ruiming/cas/data/data/system/size_estimates-618f817b005f3678b8a453f3930b8e86/nb-12-big
INFO  [NonPeriodicTasks:1] 2023-07-06 07:15:35,987 SSTable.java:111 - Deleting sstable: /home/ruiming/cas/data/data/system/size_estimates-618f817b005f3678b8a453f3930b8e86/nb-11-big
INFO  [IndexSummaryManager:1] 2023-07-06 07:15:36,048 IndexSummaryRedistribution.java:83 - Redistributing index summaries
INFO  [CompactionExecutor:4] 2023-07-06 07:15:36,073 CompactionTask.java:247 - Compacted (6e2c7dc0-1bee-11ee-ae10-af110c93748f) 4 sstables to [/home/ruiming/cas/data/data/system/table_estimates-176c39cdb93d33a5a2188eb06a56f66e/nb-13-big,] to level=0.  21.809KiB to 4.713KiB (~21% of original) in 107ms.  Read Throughput = 202.985KiB/s, Write Throughput = 43.865KiB/s, Row Throughput = ~400/s.  16 total partitions merged to 4.  Partition merge counts were {4:4, }
INFO  [NonPeriodicTasks:1] 2023-07-06 07:15:36,073 SSTable.java:111 - Deleting sstable: /home/ruiming/cas/data/data/system/table_estimates-176c39cdb93d33a5a2188eb06a56f66e/nb-12-big
INFO  [NonPeriodicTasks:1] 2023-07-06 07:15:36,074 SSTable.java:111 - Deleting sstable: /home/ruiming/cas/data/data/system/table_estimates-176c39cdb93d33a5a2188eb06a56f66e/nb-11-big
INFO  [NonPeriodicTasks:1] 2023-07-06 07:15:36,075 SSTable.java:111 - Deleting sstable: /home/ruiming/cas/data/data/system/table_estimates-176c39cdb93d33a5a2188eb06a56f66e/nb-10-big
INFO  [NonPeriodicTasks:1] 2023-07-06 07:15:36,075 SSTable.java:111 - Deleting sstable: /home/ruiming/cas/data/data/system/table_estimates-176c39cdb93d33a5a2188eb06a56f66e/nb-9-big
INFO  [ScheduledTasks:1] 2023-07-06 08:15:34,970 ColumnFamilyStore.java:881 - Enqueuing flush of compaction_history: 3.440KiB (0%) on-heap, 0.000KiB (0%) off-heap
INFO  [PerDiskMemtableFlushWriter_0:26] 2023-07-06 08:15:34,973 Memtable.java:499 - Writing Memtable-compaction_history@638967520(0.619KiB serialized bytes, 3 ops, 0%/0% of on/off-heap limit), flushed range = (min(-9223372036854775808), max(9223372036854775807)]
INFO  [PerDiskMemtableFlushWriter_0:26] 2023-07-06 08:15:34,973 Memtable.java:528 - Completed flushing /home/ruiming/cas/data/data/system/compaction_history-b4dbb7b4dc493fb5b3bfce6e434832ca/nb-4-big-Data.db (0.342KiB) for commitlog position CommitLogPosition(segmentId=1688606133965, position=6578418)
INFO  [ScheduledTasks:1] 2023-07-06 08:15:34,979 ColumnFamilyStore.java:881 - Enqueuing flush of sstable_activity: 4.118KiB (0%) on-heap, 0.000KiB (0%) off-heap
INFO  [PerDiskMemtableFlushWriter_0:27] 2023-07-06 08:15:34,982 Memtable.java:499 - Writing Memtable-sstable_activity@1162347312(0.177KiB serialized bytes, 24 ops, 0%/0% of on/off-heap limit), flushed range = (min(-9223372036854775808), max(9223372036854775807)]
INFO  [PerDiskMemtableFlushWriter_0:27] 2023-07-06 08:15:34,982 Memtable.java:528 - Completed flushing /home/ruiming/cas/data/data/system/sstable_activity-5a1ff267ace03f128563cfae6103c65e/nb-14-big-Data.db (0.646KiB) for commitlog position CommitLogPosition(segmentId=1688606133965, position=6578418)
INFO  [CompactionExecutor:4] 2023-07-06 08:15:35,044 CompactionTask.java:156 - Compacting (cf645d30-1bf6-11ee-ae10-af110c93748f) [/home/ruiming/cas/data/data/system/compaction_history-b4dbb7b4dc493fb5b3bfce6e434832ca/nb-3-big-Data.db:level=0, /home/ruiming/cas/data/data/system/compaction_history-b4dbb7b4dc493fb5b3bfce6e434832ca/nb-4-big-Data.db:level=0, /home/ruiming/cas/data/data/system/compaction_history-b4dbb7b4dc493fb5b3bfce6e434832ca/nb-1-big-Data.db:level=0, /home/ruiming/cas/data/data/system/compaction_history-b4dbb7b4dc493fb5b3bfce6e434832ca/nb-2-big-Data.db:level=0, ]
INFO  [CompactionExecutor:4] 2023-07-06 08:15:35,164 CompactionTask.java:247 - Compacted (cf645d30-1bf6-11ee-ae10-af110c93748f) 4 sstables to [/home/ruiming/cas/data/data/system/compaction_history-b4dbb7b4dc493fb5b3bfce6e434832ca/nb-5-big,] to level=0.  0.766KiB to 0.511KiB (~66% of original) in 119ms.  Read Throughput = 6.394KiB/s, Write Throughput = 4.265KiB/s, Row Throughput = ~20/s.  10 total partitions merged to 10.  Partition merge counts were {1:10, }
INFO  [NonPeriodicTasks:1] 2023-07-06 08:15:35,164 SSTable.java:111 - Deleting sstable: /home/ruiming/cas/data/data/system/compaction_history-b4dbb7b4dc493fb5b3bfce6e434832ca/nb-3-big
INFO  [NonPeriodicTasks:1] 2023-07-06 08:15:35,165 SSTable.java:111 - Deleting sstable: /home/ruiming/cas/data/data/system/compaction_history-b4dbb7b4dc493fb5b3bfce6e434832ca/nb-4-big
INFO  [NonPeriodicTasks:1] 2023-07-06 08:15:35,166 SSTable.java:111 - Deleting sstable: /home/ruiming/cas/data/data/system/compaction_history-b4dbb7b4dc493fb5b3bfce6e434832ca/nb-1-big
INFO  [NonPeriodicTasks:1] 2023-07-06 08:15:35,167 SSTable.java:111 - Deleting sstable: /home/ruiming/cas/data/data/system/compaction_history-b4dbb7b4dc493fb5b3bfce6e434832ca/nb-2-big
INFO  [ScheduledTasks:1] 2023-07-06 08:15:35,802 ColumnFamilyStore.java:881 - Enqueuing flush of size_estimates: 127.397KiB (0%) on-heap, 0.000KiB (0%) off-heap
INFO  [PerDiskMemtableFlushWriter_0:26] 2023-07-06 08:15:35,804 Memtable.java:499 - Writing Memtable-size_estimates@684860498(21.010KiB serialized bytes, 2244 ops, 0%/0% of on/off-heap limit), flushed range = (min(-9223372036854775808), max(9223372036854775807)]
INFO  [PerDiskMemtableFlushWriter_0:26] 2023-07-06 08:15:35,805 Memtable.java:528 - Completed flushing /home/ruiming/cas/data/data/system/size_estimates-618f817b005f3678b8a453f3930b8e86/nb-14-big-Data.db (15.013KiB) for commitlog position CommitLogPosition(segmentId=1688606133965, position=6578766)
INFO  [ScheduledTasks:1] 2023-07-06 08:15:35,892 ColumnFamilyStore.java:881 - Enqueuing flush of table_estimates: 276.360KiB (0%) on-heap, 0.000KiB (0%) off-heap
INFO  [PerDiskMemtableFlushWriter_0:27] 2023-07-06 08:15:35,894 Memtable.java:499 - Writing Memtable-table_estimates@1267725801(45.426KiB serialized bytes, 4488 ops, 0%/0% of on/off-heap limit), flushed range = (min(-9223372036854775808), max(9223372036854775807)]
INFO  [PerDiskMemtableFlushWriter_0:27] 2023-07-06 08:15:35,895 Memtable.java:528 - Completed flushing /home/ruiming/cas/data/data/system/table_estimates-176c39cdb93d33a5a2188eb06a56f66e/nb-14-big-Data.db (34.169KiB) for commitlog position CommitLogPosition(segmentId=1688606133965, position=6578766)
INFO  [IndexSummaryManager:1] 2023-07-06 08:15:36,050 IndexSummaryRedistribution.java:83 - Redistributing index summaries
INFO  [ScheduledTasks:1] 2023-07-06 09:15:34,979 ColumnFamilyStore.java:881 - Enqueuing flush of sstable_activity: 1.896KiB (0%) on-heap, 0.000KiB (0%) off-heap
INFO  [PerDiskMemtableFlushWriter_0:28] 2023-07-06 09:15:34,982 Memtable.java:499 - Writing Memtable-sstable_activity@804862598(0.114KiB serialized bytes, 16 ops, 0%/0% of on/off-heap limit), flushed range = (min(-9223372036854775808), max(9223372036854775807)]
INFO  [PerDiskMemtableFlushWriter_0:28] 2023-07-06 09:15:34,983 Memtable.java:528 - Completed flushing /home/ruiming/cas/data/data/system/sstable_activity-5a1ff267ace03f128563cfae6103c65e/nb-15-big-Data.db (0.275KiB) for commitlog position CommitLogPosition(segmentId=1688606133965, position=7176578)
INFO  [CompactionExecutor:5] 2023-07-06 09:15:35,572 AutoSavingCache.java:406 - Saved KeyCache (17 items) in 9 ms
INFO  [ScheduledTasks:1] 2023-07-06 09:15:35,802 ColumnFamilyStore.java:881 - Enqueuing flush of size_estimates: 127.397KiB (0%) on-heap, 0.000KiB (0%) off-heap
INFO  [PerDiskMemtableFlushWriter_0:29] 2023-07-06 09:15:35,805 Memtable.java:499 - Writing Memtable-size_estimates@1614395722(21.010KiB serialized bytes, 2244 ops, 0%/0% of on/off-heap limit), flushed range = (min(-9223372036854775808), max(9223372036854775807)]
INFO  [PerDiskMemtableFlushWriter_0:29] 2023-07-06 09:15:35,806 Memtable.java:528 - Completed flushing /home/ruiming/cas/data/data/system/size_estimates-618f817b005f3678b8a453f3930b8e86/nb-15-big-Data.db (15.013KiB) for commitlog position CommitLogPosition(segmentId=1688606133965, position=7176578)
INFO  [ScheduledTasks:1] 2023-07-06 09:15:35,892 ColumnFamilyStore.java:881 - Enqueuing flush of table_estimates: 276.360KiB (0%) on-heap, 0.000KiB (0%) off-heap
INFO  [PerDiskMemtableFlushWriter_0:28] 2023-07-06 09:15:35,895 Memtable.java:499 - Writing Memtable-table_estimates@557760777(45.426KiB serialized bytes, 4488 ops, 0%/0% of on/off-heap limit), flushed range = (min(-9223372036854775808), max(9223372036854775807)]
INFO  [PerDiskMemtableFlushWriter_0:28] 2023-07-06 09:15:35,896 Memtable.java:528 - Completed flushing /home/ruiming/cas/data/data/system/table_estimates-176c39cdb93d33a5a2188eb06a56f66e/nb-15-big-Data.db (34.169KiB) for commitlog position CommitLogPosition(segmentId=1688606133965, position=7176578)
INFO  [IndexSummaryManager:1] 2023-07-06 09:15:36,052 IndexSummaryRedistribution.java:83 - Redistributing index summaries
INFO  [ScheduledTasks:1] 2023-07-06 10:15:34,980 ColumnFamilyStore.java:881 - Enqueuing flush of sstable_activity: 0.767KiB (0%) on-heap, 0.000KiB (0%) off-heap
INFO  [PerDiskMemtableFlushWriter_0:30] 2023-07-06 10:15:34,983 Memtable.java:499 - Writing Memtable-sstable_activity@322463199(0.083KiB serialized bytes, 12 ops, 0%/0% of on/off-heap limit), flushed range = (min(-9223372036854775808), max(9223372036854775807)]
INFO  [PerDiskMemtableFlushWriter_0:30] 2023-07-06 10:15:34,983 Memtable.java:528 - Completed flushing /home/ruiming/cas/data/data/system/sstable_activity-5a1ff267ace03f128563cfae6103c65e/nb-16-big-Data.db (0.071KiB) for commitlog position CommitLogPosition(segmentId=1688606133965, position=7774390)
INFO  [CompactionExecutor:4] 2023-07-06 10:15:35,051 CompactionTask.java:156 - Compacting (92ee65b0-1c07-11ee-ae10-af110c93748f) [/home/ruiming/cas/data/data/system/sstable_activity-5a1ff267ace03f128563cfae6103c65e/nb-16-big-Data.db:level=0, /home/ruiming/cas/data/data/system/sstable_activity-5a1ff267ace03f128563cfae6103c65e/nb-15-big-Data.db:level=0, /home/ruiming/cas/data/data/system/sstable_activity-5a1ff267ace03f128563cfae6103c65e/nb-13-big-Data.db:level=0, /home/ruiming/cas/data/data/system/sstable_activity-5a1ff267ace03f128563cfae6103c65e/nb-14-big-Data.db:level=0, ]
INFO  [CompactionExecutor:4] 2023-07-06 10:15:35,164 CompactionTask.java:247 - Compacted (92ee65b0-1c07-11ee-ae10-af110c93748f) 4 sstables to [/home/ruiming/cas/data/data/system/sstable_activity-5a1ff267ace03f128563cfae6103c65e/nb-17-big,] to level=0.  0.596KiB to 0.080KiB (~13% of original) in 112ms.  Read Throughput = 5.310KiB/s, Write Throughput = 0.713KiB/s, Row Throughput = ~18/s.  20 total partitions merged to 1.  Partition merge counts were {1:16, 4:1, }
INFO  [NonPeriodicTasks:1] 2023-07-06 10:15:35,164 SSTable.java:111 - Deleting sstable: /home/ruiming/cas/data/data/system/sstable_activity-5a1ff267ace03f128563cfae6103c65e/nb-16-big
INFO  [NonPeriodicTasks:1] 2023-07-06 10:15:35,165 SSTable.java:111 - Deleting sstable: /home/ruiming/cas/data/data/system/sstable_activity-5a1ff267ace03f128563cfae6103c65e/nb-13-big
INFO  [NonPeriodicTasks:1] 2023-07-06 10:15:35,165 SSTable.java:111 - Deleting sstable: /home/ruiming/cas/data/data/system/sstable_activity-5a1ff267ace03f128563cfae6103c65e/nb-14-big
INFO  [NonPeriodicTasks:1] 2023-07-06 10:15:35,166 SSTable.java:111 - Deleting sstable: /home/ruiming/cas/data/data/system/sstable_activity-5a1ff267ace03f128563cfae6103c65e/nb-15-big
INFO  [ScheduledTasks:1] 2023-07-06 10:15:35,803 ColumnFamilyStore.java:881 - Enqueuing flush of size_estimates: 127.397KiB (0%) on-heap, 0.000KiB (0%) off-heap
INFO  [PerDiskMemtableFlushWriter_0:31] 2023-07-06 10:15:35,805 Memtable.java:499 - Writing Memtable-size_estimates@704643418(21.010KiB serialized bytes, 2244 ops, 0%/0% of on/off-heap limit), flushed range = (min(-9223372036854775808), max(9223372036854775807)]
INFO  [PerDiskMemtableFlushWriter_0:31] 2023-07-06 10:15:35,806 Memtable.java:528 - Completed flushing /home/ruiming/cas/data/data/system/size_estimates-618f817b005f3678b8a453f3930b8e86/nb-16-big-Data.db (15.013KiB) for commitlog position CommitLogPosition(segmentId=1688606133965, position=7774962)
INFO  [CompactionExecutor:5] 2023-07-06 10:15:35,873 CompactionTask.java:156 - Compacting (936bd310-1c07-11ee-ae10-af110c93748f) [/home/ruiming/cas/data/data/system/size_estimates-618f817b005f3678b8a453f3930b8e86/nb-13-big-Data.db:level=0, /home/ruiming/cas/data/data/system/size_estimates-618f817b005f3678b8a453f3930b8e86/nb-16-big-Data.db:level=0, /home/ruiming/cas/data/data/system/size_estimates-618f817b005f3678b8a453f3930b8e86/nb-15-big-Data.db:level=0, /home/ruiming/cas/data/data/system/size_estimates-618f817b005f3678b8a453f3930b8e86/nb-14-big-Data.db:level=0, ]
INFO  [ScheduledTasks:1] 2023-07-06 10:15:35,893 ColumnFamilyStore.java:881 - Enqueuing flush of table_estimates: 276.360KiB (0%) on-heap, 0.000KiB (0%) off-heap
INFO  [PerDiskMemtableFlushWriter_0:30] 2023-07-06 10:15:35,903 Memtable.java:499 - Writing Memtable-table_estimates@503290312(45.426KiB serialized bytes, 4488 ops, 0%/0% of on/off-heap limit), flushed range = (min(-9223372036854775808), max(9223372036854775807)]
INFO  [PerDiskMemtableFlushWriter_0:30] 2023-07-06 10:15:35,904 Memtable.java:528 - Completed flushing /home/ruiming/cas/data/data/system/table_estimates-176c39cdb93d33a5a2188eb06a56f66e/nb-16-big-Data.db (34.169KiB) for commitlog position CommitLogPosition(segmentId=1688606133965, position=7774962)
INFO  [CompactionExecutor:4] 2023-07-06 10:15:35,964 CompactionTask.java:156 - Compacting (9379b5c0-1c07-11ee-ae10-af110c93748f) [/home/ruiming/cas/data/data/system/table_estimates-176c39cdb93d33a5a2188eb06a56f66e/nb-13-big-Data.db:level=0, /home/ruiming/cas/data/data/system/table_estimates-176c39cdb93d33a5a2188eb06a56f66e/nb-15-big-Data.db:level=0, /home/ruiming/cas/data/data/system/table_estimates-176c39cdb93d33a5a2188eb06a56f66e/nb-14-big-Data.db:level=0, /home/ruiming/cas/data/data/system/table_estimates-176c39cdb93d33a5a2188eb06a56f66e/nb-16-big-Data.db:level=0, ]
INFO  [CompactionExecutor:5] 2023-07-06 10:15:35,992 CompactionTask.java:247 - Compacted (936bd310-1c07-11ee-ae10-af110c93748f) 4 sstables to [/home/ruiming/cas/data/data/system/size_estimates-618f817b005f3678b8a453f3930b8e86/nb-17-big,] to level=0.  10.074KiB to 2.292KiB (~22% of original) in 118ms.  Read Throughput = 84.866KiB/s, Write Throughput = 19.308KiB/s, Row Throughput = ~202/s.  16 total partitions merged to 4.  Partition merge counts were {4:4, }
INFO  [NonPeriodicTasks:1] 2023-07-06 10:15:35,992 SSTable.java:111 - Deleting sstable: /home/ruiming/cas/data/data/system/size_estimates-618f817b005f3678b8a453f3930b8e86/nb-13-big
INFO  [NonPeriodicTasks:1] 2023-07-06 10:15:35,993 SSTable.java:111 - Deleting sstable: /home/ruiming/cas/data/data/system/size_estimates-618f817b005f3678b8a453f3930b8e86/nb-16-big
INFO  [NonPeriodicTasks:1] 2023-07-06 10:15:35,994 SSTable.java:111 - Deleting sstable: /home/ruiming/cas/data/data/system/size_estimates-618f817b005f3678b8a453f3930b8e86/nb-15-big
INFO  [NonPeriodicTasks:1] 2023-07-06 10:15:35,994 SSTable.java:111 - Deleting sstable: /home/ruiming/cas/data/data/system/size_estimates-618f817b005f3678b8a453f3930b8e86/nb-14-big
INFO  [IndexSummaryManager:1] 2023-07-06 10:15:36,053 IndexSummaryRedistribution.java:83 - Redistributing index summaries
INFO  [CompactionExecutor:4] 2023-07-06 10:15:36,071 CompactionTask.java:247 - Compacted (9379b5c0-1c07-11ee-ae10-af110c93748f) 4 sstables to [/home/ruiming/cas/data/data/system/table_estimates-176c39cdb93d33a5a2188eb06a56f66e/nb-17-big,] to level=0.  21.771KiB to 4.704KiB (~21% of original) in 107ms.  Read Throughput = 203.213KiB/s, Write Throughput = 43.909KiB/s, Row Throughput = ~400/s.  16 total partitions merged to 4.  Partition merge counts were {4:4, }
INFO  [NonPeriodicTasks:1] 2023-07-06 10:15:36,071 SSTable.java:111 - Deleting sstable: /home/ruiming/cas/data/data/system/table_estimates-176c39cdb93d33a5a2188eb06a56f66e/nb-13-big
INFO  [NonPeriodicTasks:1] 2023-07-06 10:15:36,072 SSTable.java:111 - Deleting sstable: /home/ruiming/cas/data/data/system/table_estimates-176c39cdb93d33a5a2188eb06a56f66e/nb-15-big
INFO  [NonPeriodicTasks:1] 2023-07-06 10:15:36,073 SSTable.java:111 - Deleting sstable: /home/ruiming/cas/data/data/system/table_estimates-176c39cdb93d33a5a2188eb06a56f66e/nb-14-big
INFO  [NonPeriodicTasks:1] 2023-07-06 10:15:36,073 SSTable.java:111 - Deleting sstable: /home/ruiming/cas/data/data/system/table_estimates-176c39cdb93d33a5a2188eb06a56f66e/nb-16-big
INFO  [ScheduledTasks:1] 2023-07-06 11:15:34,971 ColumnFamilyStore.java:881 - Enqueuing flush of compaction_history: 3.440KiB (0%) on-heap, 0.000KiB (0%) off-heap
INFO  [PerDiskMemtableFlushWriter_0:32] 2023-07-06 11:15:34,974 Memtable.java:499 - Writing Memtable-compaction_history@1016241359(0.619KiB serialized bytes, 3 ops, 0%/0% of on/off-heap limit), flushed range = (min(-9223372036854775808), max(9223372036854775807)]
INFO  [PerDiskMemtableFlushWriter_0:32] 2023-07-06 11:15:34,974 Memtable.java:528 - Completed flushing /home/ruiming/cas/data/data/system/compaction_history-b4dbb7b4dc493fb5b3bfce6e434832ca/nb-6-big-Data.db (0.342KiB) for commitlog position CommitLogPosition(segmentId=1688606133965, position=8373865)
INFO  [ScheduledTasks:1] 2023-07-06 11:15:34,980 ColumnFamilyStore.java:881 - Enqueuing flush of sstable_activity: 4.118KiB (0%) on-heap, 0.000KiB (0%) off-heap
INFO  [PerDiskMemtableFlushWriter_0:33] 2023-07-06 11:15:34,991 Memtable.java:499 - Writing Memtable-sstable_activity@606609811(0.177KiB serialized bytes, 24 ops, 0%/0% of on/off-heap limit), flushed range = (min(-9223372036854775808), max(9223372036854775807)]
INFO  [PerDiskMemtableFlushWriter_0:33] 2023-07-06 11:15:34,992 Memtable.java:528 - Completed flushing /home/ruiming/cas/data/data/system/sstable_activity-5a1ff267ace03f128563cfae6103c65e/nb-18-big-Data.db (0.646KiB) for commitlog position CommitLogPosition(segmentId=1688606133965, position=8373865)
INFO  [ScheduledTasks:1] 2023-07-06 11:15:35,803 ColumnFamilyStore.java:881 - Enqueuing flush of size_estimates: 127.397KiB (0%) on-heap, 0.000KiB (0%) off-heap
INFO  [PerDiskMemtableFlushWriter_0:32] 2023-07-06 11:15:35,805 Memtable.java:499 - Writing Memtable-size_estimates@844457261(21.010KiB serialized bytes, 2244 ops, 0%/0% of on/off-heap limit), flushed range = (min(-9223372036854775808), max(9223372036854775807)]
INFO  [PerDiskMemtableFlushWriter_0:32] 2023-07-06 11:15:35,806 Memtable.java:528 - Completed flushing /home/ruiming/cas/data/data/system/size_estimates-618f817b005f3678b8a453f3930b8e86/nb-18-big-Data.db (15.013KiB) for commitlog position CommitLogPosition(segmentId=1688606133965, position=8373865)
INFO  [ScheduledTasks:1] 2023-07-06 11:15:35,893 ColumnFamilyStore.java:881 - Enqueuing flush of table_estimates: 276.360KiB (0%) on-heap, 0.000KiB (0%) off-heap
INFO  [PerDiskMemtableFlushWriter_0:33] 2023-07-06 11:15:35,896 Memtable.java:499 - Writing Memtable-table_estimates@720358246(45.426KiB serialized bytes, 4488 ops, 0%/0% of on/off-heap limit), flushed range = (min(-9223372036854775808), max(9223372036854775807)]
INFO  [PerDiskMemtableFlushWriter_0:33] 2023-07-06 11:15:35,897 Memtable.java:528 - Completed flushing /home/ruiming/cas/data/data/system/table_estimates-176c39cdb93d33a5a2188eb06a56f66e/nb-18-big-Data.db (34.169KiB) for commitlog position CommitLogPosition(segmentId=1688606133965, position=8373865)
INFO  [IndexSummaryManager:1] 2023-07-06 11:15:36,055 IndexSummaryRedistribution.java:83 - Redistributing index summaries
INFO  [ScheduledTasks:1] 2023-07-06 12:15:34,981 ColumnFamilyStore.java:881 - Enqueuing flush of sstable_activity: 0.767KiB (0%) on-heap, 0.000KiB (0%) off-heap
INFO  [PerDiskMemtableFlushWriter_0:34] 2023-07-06 12:15:34,984 Memtable.java:499 - Writing Memtable-sstable_activity@1403617653(0.083KiB serialized bytes, 12 ops, 0%/0% of on/off-heap limit), flushed range = (min(-9223372036854775808), max(9223372036854775807)]
INFO  [PerDiskMemtableFlushWriter_0:34] 2023-07-06 12:15:34,984 Memtable.java:528 - Completed flushing /home/ruiming/cas/data/data/system/sstable_activity-5a1ff267ace03f128563cfae6103c65e/nb-19-big-Data.db (0.071KiB) for commitlog position CommitLogPosition(segmentId=1688606133965, position=8971677)
INFO  [ScheduledTasks:1] 2023-07-06 12:15:35,804 ColumnFamilyStore.java:881 - Enqueuing flush of size_estimates: 127.397KiB (0%) on-heap, 0.000KiB (0%) off-heap
INFO  [PerDiskMemtableFlushWriter_0:35] 2023-07-06 12:15:35,806 Memtable.java:499 - Writing Memtable-size_estimates@1953649129(21.010KiB serialized bytes, 2244 ops, 0%/0% of on/off-heap limit), flushed range = (min(-9223372036854775808), max(9223372036854775807)]
INFO  [PerDiskMemtableFlushWriter_0:35] 2023-07-06 12:15:35,807 Memtable.java:528 - Completed flushing /home/ruiming/cas/data/data/system/size_estimates-618f817b005f3678b8a453f3930b8e86/nb-19-big-Data.db (15.013KiB) for commitlog position CommitLogPosition(segmentId=1688606133965, position=8971677)
INFO  [ScheduledTasks:1] 2023-07-06 12:15:35,893 ColumnFamilyStore.java:881 - Enqueuing flush of table_estimates: 276.360KiB (0%) on-heap, 0.000KiB (0%) off-heap
INFO  [PerDiskMemtableFlushWriter_0:34] 2023-07-06 12:15:35,895 Memtable.java:499 - Writing Memtable-table_estimates@1567516016(45.426KiB serialized bytes, 4488 ops, 0%/0% of on/off-heap limit), flushed range = (min(-9223372036854775808), max(9223372036854775807)]
INFO  [PerDiskMemtableFlushWriter_0:34] 2023-07-06 12:15:35,897 Memtable.java:528 - Completed flushing /home/ruiming/cas/data/data/system/table_estimates-176c39cdb93d33a5a2188eb06a56f66e/nb-19-big-Data.db (34.169KiB) for commitlog position CommitLogPosition(segmentId=1688606133965, position=8971677)
INFO  [IndexSummaryManager:1] 2023-07-06 12:15:36,057 IndexSummaryRedistribution.java:83 - Redistributing index summaries
INFO  [ScheduledTasks:1] 2023-07-06 13:15:34,981 ColumnFamilyStore.java:881 - Enqueuing flush of sstable_activity: 0.767KiB (0%) on-heap, 0.000KiB (0%) off-heap
INFO  [PerDiskMemtableFlushWriter_0:36] 2023-07-06 13:15:34,984 Memtable.java:499 - Writing Memtable-sstable_activity@1185900047(0.083KiB serialized bytes, 12 ops, 0%/0% of on/off-heap limit), flushed range = (min(-9223372036854775808), max(9223372036854775807)]
INFO  [PerDiskMemtableFlushWriter_0:36] 2023-07-06 13:15:34,984 Memtable.java:528 - Completed flushing /home/ruiming/cas/data/data/system/sstable_activity-5a1ff267ace03f128563cfae6103c65e/nb-20-big-Data.db (0.071KiB) for commitlog position CommitLogPosition(segmentId=1688606133965, position=9569481)
INFO  [CompactionExecutor:4] 2023-07-06 13:15:35,052 CompactionTask.java:156 - Compacting (b83bc4c0-1c20-11ee-ae10-af110c93748f) [/home/ruiming/cas/data/data/system/sstable_activity-5a1ff267ace03f128563cfae6103c65e/nb-18-big-Data.db:level=0, /home/ruiming/cas/data/data/system/sstable_activity-5a1ff267ace03f128563cfae6103c65e/nb-17-big-Data.db:level=0, /home/ruiming/cas/data/data/system/sstable_activity-5a1ff267ace03f128563cfae6103c65e/nb-19-big-Data.db:level=0, /home/ruiming/cas/data/data/system/sstable_activity-5a1ff267ace03f128563cfae6103c65e/nb-20-big-Data.db:level=0, ]
INFO  [CompactionExecutor:4] 2023-07-06 13:15:35,165 CompactionTask.java:247 - Compacted (b83bc4c0-1c20-11ee-ae10-af110c93748f) 4 sstables to [/home/ruiming/cas/data/data/system/sstable_activity-5a1ff267ace03f128563cfae6103c65e/nb-21-big,] to level=0.  0.508KiB to 0.080KiB (~15% of original) in 111ms.  Read Throughput = 4.535KiB/s, Write Throughput = 0.715KiB/s, Row Throughput = ~14/s.  16 total partitions merged to 1.  Partition merge counts were {1:12, 4:1, }
INFO  [NonPeriodicTasks:1] 2023-07-06 13:15:35,165 SSTable.java:111 - Deleting sstable: /home/ruiming/cas/data/data/system/sstable_activity-5a1ff267ace03f128563cfae6103c65e/nb-18-big
INFO  [NonPeriodicTasks:1] 2023-07-06 13:15:35,166 SSTable.java:111 - Deleting sstable: /home/ruiming/cas/data/data/system/sstable_activity-5a1ff267ace03f128563cfae6103c65e/nb-17-big
INFO  [NonPeriodicTasks:1] 2023-07-06 13:15:35,167 SSTable.java:111 - Deleting sstable: /home/ruiming/cas/data/data/system/sstable_activity-5a1ff267ace03f128563cfae6103c65e/nb-19-big
INFO  [NonPeriodicTasks:1] 2023-07-06 13:15:35,167 SSTable.java:111 - Deleting sstable: /home/ruiming/cas/data/data/system/sstable_activity-5a1ff267ace03f128563cfae6103c65e/nb-20-big
INFO  [CompactionExecutor:5] 2023-07-06 13:15:35,572 AutoSavingCache.java:406 - Saved KeyCache (20 items) in 9 ms
INFO  [ScheduledTasks:1] 2023-07-06 13:15:35,804 ColumnFamilyStore.java:881 - Enqueuing flush of size_estimates: 127.397KiB (0%) on-heap, 0.000KiB (0%) off-heap
INFO  [PerDiskMemtableFlushWriter_0:37] 2023-07-06 13:15:35,807 Memtable.java:499 - Writing Memtable-size_estimates@1220690567(21.010KiB serialized bytes, 2244 ops, 0%/0% of on/off-heap limit), flushed range = (min(-9223372036854775808), max(9223372036854775807)]
INFO  [PerDiskMemtableFlushWriter_0:37] 2023-07-06 13:15:35,808 Memtable.java:528 - Completed flushing /home/ruiming/cas/data/data/system/size_estimates-618f817b005f3678b8a453f3930b8e86/nb-20-big-Data.db (15.013KiB) for commitlog position CommitLogPosition(segmentId=1688606133965, position=9570053)
INFO  [CompactionExecutor:4] 2023-07-06 13:15:35,873 CompactionTask.java:156 - Compacting (b8b90b10-1c20-11ee-ae10-af110c93748f) [/home/ruiming/cas/data/data/system/size_estimates-618f817b005f3678b8a453f3930b8e86/nb-17-big-Data.db:level=0, /home/ruiming/cas/data/data/system/size_estimates-618f817b005f3678b8a453f3930b8e86/nb-18-big-Data.db:level=0, /home/ruiming/cas/data/data/system/size_estimates-618f817b005f3678b8a453f3930b8e86/nb-20-big-Data.db:level=0, /home/ruiming/cas/data/data/system/size_estimates-618f817b005f3678b8a453f3930b8e86/nb-19-big-Data.db:level=0, ]
INFO  [ScheduledTasks:1] 2023-07-06 13:15:35,894 ColumnFamilyStore.java:881 - Enqueuing flush of table_estimates: 276.360KiB (0%) on-heap, 0.000KiB (0%) off-heap
INFO  [PerDiskMemtableFlushWriter_0:36] 2023-07-06 13:15:35,904 Memtable.java:499 - Writing Memtable-table_estimates@1214812330(45.426KiB serialized bytes, 4488 ops, 0%/0% of on/off-heap limit), flushed range = (min(-9223372036854775808), max(9223372036854775807)]
INFO  [PerDiskMemtableFlushWriter_0:36] 2023-07-06 13:15:35,906 Memtable.java:528 - Completed flushing /home/ruiming/cas/data/data/system/table_estimates-176c39cdb93d33a5a2188eb06a56f66e/nb-20-big-Data.db (34.169KiB) for commitlog position CommitLogPosition(segmentId=1688606133965, position=9570053)
INFO  [CompactionExecutor:5] 2023-07-06 13:15:35,965 CompactionTask.java:156 - Compacting (b8c714d0-1c20-11ee-ae10-af110c93748f) [/home/ruiming/cas/data/data/system/table_estimates-176c39cdb93d33a5a2188eb06a56f66e/nb-20-big-Data.db:level=0, /home/ruiming/cas/data/data/system/table_estimates-176c39cdb93d33a5a2188eb06a56f66e/nb-19-big-Data.db:level=0, /home/ruiming/cas/data/data/system/table_estimates-176c39cdb93d33a5a2188eb06a56f66e/nb-17-big-Data.db:level=0, /home/ruiming/cas/data/data/system/table_estimates-176c39cdb93d33a5a2188eb06a56f66e/nb-18-big-Data.db:level=0, ]
INFO  [CompactionExecutor:4] 2023-07-06 13:15:35,994 CompactionTask.java:247 - Compacted (b8b90b10-1c20-11ee-ae10-af110c93748f) 4 sstables to [/home/ruiming/cas/data/data/system/size_estimates-618f817b005f3678b8a453f3930b8e86/nb-21-big,] to level=0.  10.022KiB to 2.283KiB (~22% of original) in 120ms.  Read Throughput = 83.458KiB/s, Write Throughput = 19.012KiB/s, Row Throughput = ~202/s.  16 total partitions merged to 4.  Partition merge counts were {4:4, }
INFO  [NonPeriodicTasks:1] 2023-07-06 13:15:35,994 SSTable.java:111 - Deleting sstable: /home/ruiming/cas/data/data/system/size_estimates-618f817b005f3678b8a453f3930b8e86/nb-20-big
INFO  [NonPeriodicTasks:1] 2023-07-06 13:15:35,995 SSTable.java:111 - Deleting sstable: /home/ruiming/cas/data/data/system/size_estimates-618f817b005f3678b8a453f3930b8e86/nb-19-big
INFO  [NonPeriodicTasks:1] 2023-07-06 13:15:35,995 SSTable.java:111 - Deleting sstable: /home/ruiming/cas/data/data/system/size_estimates-618f817b005f3678b8a453f3930b8e86/nb-17-big
INFO  [NonPeriodicTasks:1] 2023-07-06 13:15:35,996 SSTable.java:111 - Deleting sstable: /home/ruiming/cas/data/data/system/size_estimates-618f817b005f3678b8a453f3930b8e86/nb-18-big
INFO  [IndexSummaryManager:1] 2023-07-06 13:15:36,058 IndexSummaryRedistribution.java:83 - Redistributing index summaries
INFO  [CompactionExecutor:5] 2023-07-06 13:15:36,073 CompactionTask.java:247 - Compacted (b8c714d0-1c20-11ee-ae10-af110c93748f) 4 sstables to [/home/ruiming/cas/data/data/system/table_estimates-176c39cdb93d33a5a2188eb06a56f66e/nb-21-big,] to level=0.  21.786KiB to 4.702KiB (~21% of original) in 107ms.  Read Throughput = 202.972KiB/s, Write Throughput = 43.808KiB/s, Row Throughput = ~400/s.  16 total partitions merged to 4.  Partition merge counts were {4:4, }
INFO  [NonPeriodicTasks:1] 2023-07-06 13:15:36,073 SSTable.java:111 - Deleting sstable: /home/ruiming/cas/data/data/system/table_estimates-176c39cdb93d33a5a2188eb06a56f66e/nb-20-big
INFO  [NonPeriodicTasks:1] 2023-07-06 13:15:36,074 SSTable.java:111 - Deleting sstable: /home/ruiming/cas/data/data/system/table_estimates-176c39cdb93d33a5a2188eb06a56f66e/nb-19-big
INFO  [NonPeriodicTasks:1] 2023-07-06 13:15:36,075 SSTable.java:111 - Deleting sstable: /home/ruiming/cas/data/data/system/table_estimates-176c39cdb93d33a5a2188eb06a56f66e/nb-17-big
INFO  [NonPeriodicTasks:1] 2023-07-06 13:15:36,075 SSTable.java:111 - Deleting sstable: /home/ruiming/cas/data/data/system/table_estimates-176c39cdb93d33a5a2188eb06a56f66e/nb-18-big
INFO  [ScheduledTasks:1] 2023-07-06 14:15:34,972 ColumnFamilyStore.java:881 - Enqueuing flush of compaction_history: 3.440KiB (0%) on-heap, 0.000KiB (0%) off-heap
INFO  [PerDiskMemtableFlushWriter_0:38] 2023-07-06 14:15:34,974 Memtable.java:499 - Writing Memtable-compaction_history@1693264131(0.619KiB serialized bytes, 3 ops, 0%/0% of on/off-heap limit), flushed range = (min(-9223372036854775808), max(9223372036854775807)]
INFO  [PerDiskMemtableFlushWriter_0:38] 2023-07-06 14:15:34,975 Memtable.java:528 - Completed flushing /home/ruiming/cas/data/data/system/compaction_history-b4dbb7b4dc493fb5b3bfce6e434832ca/nb-7-big-Data.db (0.342KiB) for commitlog position CommitLogPosition(segmentId=1688606133965, position=10168964)
INFO  [ScheduledTasks:1] 2023-07-06 14:15:34,982 ColumnFamilyStore.java:881 - Enqueuing flush of sstable_activity: 4.118KiB (0%) on-heap, 0.000KiB (0%) off-heap
INFO  [PerDiskMemtableFlushWriter_0:39] 2023-07-06 14:15:34,993 Memtable.java:499 - Writing Memtable-sstable_activity@812807759(0.177KiB serialized bytes, 24 ops, 0%/0% of on/off-heap limit), flushed range = (min(-9223372036854775808), max(9223372036854775807)]
INFO  [PerDiskMemtableFlushWriter_0:39] 2023-07-06 14:15:34,993 Memtable.java:528 - Completed flushing /home/ruiming/cas/data/data/system/sstable_activity-5a1ff267ace03f128563cfae6103c65e/nb-22-big-Data.db (0.646KiB) for commitlog position CommitLogPosition(segmentId=1688606133965, position=10168964)
INFO  [ScheduledTasks:1] 2023-07-06 14:15:35,805 ColumnFamilyStore.java:881 - Enqueuing flush of size_estimates: 127.397KiB (0%) on-heap, 0.000KiB (0%) off-heap
INFO  [PerDiskMemtableFlushWriter_0:38] 2023-07-06 14:15:35,807 Memtable.java:499 - Writing Memtable-size_estimates@1781189614(21.010KiB serialized bytes, 2244 ops, 0%/0% of on/off-heap limit), flushed range = (min(-9223372036854775808), max(9223372036854775807)]
INFO  [PerDiskMemtableFlushWriter_0:38] 2023-07-06 14:15:35,807 Memtable.java:528 - Completed flushing /home/ruiming/cas/data/data/system/size_estimates-618f817b005f3678b8a453f3930b8e86/nb-22-big-Data.db (15.013KiB) for commitlog position CommitLogPosition(segmentId=1688606133965, position=10168964)
INFO  [ScheduledTasks:1] 2023-07-06 14:15:35,894 ColumnFamilyStore.java:881 - Enqueuing flush of table_estimates: 276.360KiB (0%) on-heap, 0.000KiB (0%) off-heap
INFO  [PerDiskMemtableFlushWriter_0:39] 2023-07-06 14:15:35,896 Memtable.java:499 - Writing Memtable-table_estimates@1052089905(45.426KiB serialized bytes, 4488 ops, 0%/0% of on/off-heap limit), flushed range = (min(-9223372036854775808), max(9223372036854775807)]
INFO  [PerDiskMemtableFlushWriter_0:39] 2023-07-06 14:15:35,897 Memtable.java:528 - Completed flushing /home/ruiming/cas/data/data/system/table_estimates-176c39cdb93d33a5a2188eb06a56f66e/nb-22-big-Data.db (34.169KiB) for commitlog position CommitLogPosition(segmentId=1688606133965, position=10168964)
INFO  [IndexSummaryManager:1] 2023-07-06 14:15:36,060 IndexSummaryRedistribution.java:83 - Redistributing index summaries
INFO  [ScheduledTasks:1] 2023-07-06 15:15:34,982 ColumnFamilyStore.java:881 - Enqueuing flush of sstable_activity: 0.767KiB (0%) on-heap, 0.000KiB (0%) off-heap
INFO  [PerDiskMemtableFlushWriter_0:40] 2023-07-06 15:15:34,986 Memtable.java:499 - Writing Memtable-sstable_activity@1277668992(0.083KiB serialized bytes, 12 ops, 0%/0% of on/off-heap limit), flushed range = (min(-9223372036854775808), max(9223372036854775807)]
INFO  [PerDiskMemtableFlushWriter_0:40] 2023-07-06 15:15:34,986 Memtable.java:528 - Completed flushing /home/ruiming/cas/data/data/system/sstable_activity-5a1ff267ace03f128563cfae6103c65e/nb-23-big-Data.db (0.071KiB) for commitlog position CommitLogPosition(segmentId=1688606133965, position=10766768)
INFO  [ScheduledTasks:1] 2023-07-06 15:15:35,805 ColumnFamilyStore.java:881 - Enqueuing flush of size_estimates: 127.397KiB (0%) on-heap, 0.000KiB (0%) off-heap
INFO  [PerDiskMemtableFlushWriter_0:41] 2023-07-06 15:15:35,808 Memtable.java:499 - Writing Memtable-size_estimates@1278994909(21.010KiB serialized bytes, 2244 ops, 0%/0% of on/off-heap limit), flushed range = (min(-9223372036854775808), max(9223372036854775807)]
INFO  [PerDiskMemtableFlushWriter_0:41] 2023-07-06 15:15:35,808 Memtable.java:528 - Completed flushing /home/ruiming/cas/data/data/system/size_estimates-618f817b005f3678b8a453f3930b8e86/nb-23-big-Data.db (15.013KiB) for commitlog position CommitLogPosition(segmentId=1688606133965, position=10766768)
INFO  [ScheduledTasks:1] 2023-07-06 15:15:35,894 ColumnFamilyStore.java:881 - Enqueuing flush of table_estimates: 276.360KiB (0%) on-heap, 0.000KiB (0%) off-heap
INFO  [PerDiskMemtableFlushWriter_0:40] 2023-07-06 15:15:35,897 Memtable.java:499 - Writing Memtable-table_estimates@1121995124(45.426KiB serialized bytes, 4488 ops, 0%/0% of on/off-heap limit), flushed range = (min(-9223372036854775808), max(9223372036854775807)]
INFO  [PerDiskMemtableFlushWriter_0:40] 2023-07-06 15:15:35,898 Memtable.java:528 - Completed flushing /home/ruiming/cas/data/data/system/table_estimates-176c39cdb93d33a5a2188eb06a56f66e/nb-23-big-Data.db (34.169KiB) for commitlog position CommitLogPosition(segmentId=1688606133965, position=10766768)
INFO  [IndexSummaryManager:1] 2023-07-06 15:15:36,061 IndexSummaryRedistribution.java:83 - Redistributing index summaries
INFO  [ScheduledTasks:1] 2023-07-06 16:15:34,983 ColumnFamilyStore.java:881 - Enqueuing flush of sstable_activity: 0.767KiB (0%) on-heap, 0.000KiB (0%) off-heap
INFO  [PerDiskMemtableFlushWriter_0:42] 2023-07-06 16:15:34,986 Memtable.java:499 - Writing Memtable-sstable_activity@769261612(0.083KiB serialized bytes, 12 ops, 0%/0% of on/off-heap limit), flushed range = (min(-9223372036854775808), max(9223372036854775807)]
INFO  [PerDiskMemtableFlushWriter_0:42] 2023-07-06 16:15:34,987 Memtable.java:528 - Completed flushing /home/ruiming/cas/data/data/system/sstable_activity-5a1ff267ace03f128563cfae6103c65e/nb-24-big-Data.db (0.071KiB) for commitlog position CommitLogPosition(segmentId=1688606133965, position=11364572)
INFO  [CompactionExecutor:5] 2023-07-06 16:15:35,055 CompactionTask.java:156 - Compacting (dd8971f0-1c39-11ee-ae10-af110c93748f) [/home/ruiming/cas/data/data/system/sstable_activity-5a1ff267ace03f128563cfae6103c65e/nb-22-big-Data.db:level=0, /home/ruiming/cas/data/data/system/sstable_activity-5a1ff267ace03f128563cfae6103c65e/nb-21-big-Data.db:level=0, /home/ruiming/cas/data/data/system/sstable_activity-5a1ff267ace03f128563cfae6103c65e/nb-23-big-Data.db:level=0, /home/ruiming/cas/data/data/system/sstable_activity-5a1ff267ace03f128563cfae6103c65e/nb-24-big-Data.db:level=0, ]
INFO  [NonPeriodicTasks:1] 2023-07-06 16:15:35,167 SSTable.java:111 - Deleting sstable: /home/ruiming/cas/data/data/system/sstable_activity-5a1ff267ace03f128563cfae6103c65e/nb-23-big
INFO  [CompactionExecutor:5] 2023-07-06 16:15:35,167 CompactionTask.java:247 - Compacted (dd8971f0-1c39-11ee-ae10-af110c93748f) 4 sstables to [/home/ruiming/cas/data/data/system/sstable_activity-5a1ff267ace03f128563cfae6103c65e/nb-25-big,] to level=0.  0.514KiB to 0.080KiB (~15% of original) in 111ms.  Read Throughput = 4.623KiB/s, Write Throughput = 0.721KiB/s, Row Throughput = ~14/s.  16 total partitions merged to 1.  Partition merge counts were {1:12, 4:1, }
INFO  [NonPeriodicTasks:1] 2023-07-06 16:15:35,167 SSTable.java:111 - Deleting sstable: /home/ruiming/cas/data/data/system/sstable_activity-5a1ff267ace03f128563cfae6103c65e/nb-24-big
INFO  [NonPeriodicTasks:1] 2023-07-06 16:15:35,168 SSTable.java:111 - Deleting sstable: /home/ruiming/cas/data/data/system/sstable_activity-5a1ff267ace03f128563cfae6103c65e/nb-22-big
INFO  [NonPeriodicTasks:1] 2023-07-06 16:15:35,169 SSTable.java:111 - Deleting sstable: /home/ruiming/cas/data/data/system/sstable_activity-5a1ff267ace03f128563cfae6103c65e/nb-21-big
INFO  [ScheduledTasks:1] 2023-07-06 16:15:35,806 ColumnFamilyStore.java:881 - Enqueuing flush of size_estimates: 127.397KiB (0%) on-heap, 0.000KiB (0%) off-heap
INFO  [PerDiskMemtableFlushWriter_0:43] 2023-07-06 16:15:35,808 Memtable.java:499 - Writing Memtable-size_estimates@1721779977(21.010KiB serialized bytes, 2244 ops, 0%/0% of on/off-heap limit), flushed range = (min(-9223372036854775808), max(9223372036854775807)]
INFO  [PerDiskMemtableFlushWriter_0:43] 2023-07-06 16:15:35,809 Memtable.java:528 - Completed flushing /home/ruiming/cas/data/data/system/size_estimates-618f817b005f3678b8a453f3930b8e86/nb-24-big-Data.db (15.013KiB) for commitlog position CommitLogPosition(segmentId=1688606133965, position=11365144)
INFO  [CompactionExecutor:4] 2023-07-06 16:15:35,876 CompactionTask.java:156 - Compacting (de06b840-1c39-11ee-ae10-af110c93748f) [/home/ruiming/cas/data/data/system/size_estimates-618f817b005f3678b8a453f3930b8e86/nb-24-big-Data.db:level=0, /home/ruiming/cas/data/data/system/size_estimates-618f817b005f3678b8a453f3930b8e86/nb-21-big-Data.db:level=0, /home/ruiming/cas/data/data/system/size_estimates-618f817b005f3678b8a453f3930b8e86/nb-22-big-Data.db:level=0, /home/ruiming/cas/data/data/system/size_estimates-618f817b005f3678b8a453f3930b8e86/nb-23-big-Data.db:level=0, ]
INFO  [ScheduledTasks:1] 2023-07-06 16:15:35,895 ColumnFamilyStore.java:881 - Enqueuing flush of table_estimates: 276.360KiB (0%) on-heap, 0.000KiB (0%) off-heap
INFO  [PerDiskMemtableFlushWriter_0:42] 2023-07-06 16:15:35,905 Memtable.java:499 - Writing Memtable-table_estimates@589163495(45.426KiB serialized bytes, 4488 ops, 0%/0% of on/off-heap limit), flushed range = (min(-9223372036854775808), max(9223372036854775807)]
INFO  [PerDiskMemtableFlushWriter_0:42] 2023-07-06 16:15:35,906 Memtable.java:528 - Completed flushing /home/ruiming/cas/data/data/system/table_estimates-176c39cdb93d33a5a2188eb06a56f66e/nb-24-big-Data.db (34.169KiB) for commitlog position CommitLogPosition(segmentId=1688606133965, position=11365144)
INFO  [CompactionExecutor:5] 2023-07-06 16:15:35,967 CompactionTask.java:156 - Compacting (de149af0-1c39-11ee-ae10-af110c93748f) [/home/ruiming/cas/data/data/system/table_estimates-176c39cdb93d33a5a2188eb06a56f66e/nb-23-big-Data.db:level=0, /home/ruiming/cas/data/data/system/table_estimates-176c39cdb93d33a5a2188eb06a56f66e/nb-22-big-Data.db:level=0, /home/ruiming/cas/data/data/system/table_estimates-176c39cdb93d33a5a2188eb06a56f66e/nb-24-big-Data.db:level=0, /home/ruiming/cas/data/data/system/table_estimates-176c39cdb93d33a5a2188eb06a56f66e/nb-21-big-Data.db:level=0, ]
INFO  [CompactionExecutor:4] 2023-07-06 16:15:35,995 CompactionTask.java:247 - Compacted (de06b840-1c39-11ee-ae10-af110c93748f) 4 sstables to [/home/ruiming/cas/data/data/system/size_estimates-618f817b005f3678b8a453f3930b8e86/nb-25-big,] to level=0.  10.015KiB to 2.300KiB (~22% of original) in 118ms.  Read Throughput = 84.739KiB/s, Write Throughput = 19.460KiB/s, Row Throughput = ~202/s.  16 total partitions merged to 4.  Partition merge counts were {4:4, }
INFO  [NonPeriodicTasks:1] 2023-07-06 16:15:35,995 SSTable.java:111 - Deleting sstable: /home/ruiming/cas/data/data/system/size_estimates-618f817b005f3678b8a453f3930b8e86/nb-24-big
INFO  [NonPeriodicTasks:1] 2023-07-06 16:15:35,996 SSTable.java:111 - Deleting sstable: /home/ruiming/cas/data/data/system/size_estimates-618f817b005f3678b8a453f3930b8e86/nb-21-big
INFO  [NonPeriodicTasks:1] 2023-07-06 16:15:35,997 SSTable.java:111 - Deleting sstable: /home/ruiming/cas/data/data/system/size_estimates-618f817b005f3678b8a453f3930b8e86/nb-22-big
INFO  [NonPeriodicTasks:1] 2023-07-06 16:15:35,998 SSTable.java:111 - Deleting sstable: /home/ruiming/cas/data/data/system/size_estimates-618f817b005f3678b8a453f3930b8e86/nb-23-big
INFO  [IndexSummaryManager:1] 2023-07-06 16:15:36,063 IndexSummaryRedistribution.java:83 - Redistributing index summaries
INFO  [CompactionExecutor:5] 2023-07-06 16:15:36,075 CompactionTask.java:247 - Compacted (de149af0-1c39-11ee-ae10-af110c93748f) 4 sstables to [/home/ruiming/cas/data/data/system/table_estimates-176c39cdb93d33a5a2188eb06a56f66e/nb-25-big,] to level=0.  21.778KiB to 4.724KiB (~21% of original) in 107ms.  Read Throughput = 203.136KiB/s, Write Throughput = 44.059KiB/s, Row Throughput = ~400/s.  16 total partitions merged to 4.  Partition merge counts were {4:4, }
INFO  [NonPeriodicTasks:1] 2023-07-06 16:15:36,075 SSTable.java:111 - Deleting sstable: /home/ruiming/cas/data/data/system/table_estimates-176c39cdb93d33a5a2188eb06a56f66e/nb-23-big
INFO  [NonPeriodicTasks:1] 2023-07-06 16:15:36,075 SSTable.java:111 - Deleting sstable: /home/ruiming/cas/data/data/system/table_estimates-176c39cdb93d33a5a2188eb06a56f66e/nb-22-big
INFO  [NonPeriodicTasks:1] 2023-07-06 16:15:36,076 SSTable.java:111 - Deleting sstable: /home/ruiming/cas/data/data/system/table_estimates-176c39cdb93d33a5a2188eb06a56f66e/nb-24-big
INFO  [NonPeriodicTasks:1] 2023-07-06 16:15:36,077 SSTable.java:111 - Deleting sstable: /home/ruiming/cas/data/data/system/table_estimates-176c39cdb93d33a5a2188eb06a56f66e/nb-21-big
INFO  [StorageServiceShutdownHook] 2023-07-06 16:50:52,046 HintsService.java:222 - Paused hints dispatch
INFO  [StorageServiceShutdownHook] 2023-07-06 16:50:52,049 Server.java:171 - Stop listening for CQL clients
INFO  [StorageServiceShutdownHook] 2023-07-06 16:50:52,049 Gossiper.java:2040 - Announcing shutdown
INFO  [StorageServiceShutdownHook] 2023-07-06 16:50:52,049 StorageService.java:2922 - Node razor14/10.0.0.214:7000 state jump to shutdown
INFO  [StorageServiceShutdownHook] 2023-07-06 16:50:52,050 StorageService.java:2922 - Node razor14/10.0.0.214:7000 state jump to shutdown
INFO  [Messaging-EventLoop-3-20] 2023-07-06 16:50:52,059 InboundConnectionInitiator.java:464 - /10.0.0.216:7000(/10.0.0.216:42308)->razor14/10.0.0.214:7000-URGENT_MESSAGES-39510936 messaging connection established, version = 12, framing = CRC, encryption = unencrypted
INFO  [Messaging-EventLoop-3-1] 2023-07-06 16:50:53,058 InboundConnectionInitiator.java:464 - /10.0.0.215:7000(/10.0.0.215:46410)->razor14/10.0.0.214:7000-URGENT_MESSAGES-427993ae messaging connection established, version = 12, framing = CRC, encryption = unencrypted
INFO  [Messaging-EventLoop-3-2] 2023-07-06 16:50:53,912 InboundConnectionInitiator.java:464 - /10.0.0.217:7000(/10.0.0.217:34352)->razor14/10.0.0.214:7000-URGENT_MESSAGES-092858c3 messaging connection established, version = 12, framing = CRC, encryption = unencrypted
INFO  [StorageServiceShutdownHook] 2023-07-06 16:50:54,052 MessagingService.java:454 - Waiting for messaging service to quiesce
INFO  [Messaging-EventLoop-3-14] 2023-07-06 16:50:54,054 OutboundConnection.java:1150 - razor14/10.0.0.214:7000(/10.0.0.214:42202)->/10.0.0.216:7000-LARGE_MESSAGES-b24b293b successfully connected, version = 12, framing = CRC, encryption = unencrypted
INFO  [Messaging-EventLoop-3-13] 2023-07-06 16:50:54,054 OutboundConnection.java:1150 - razor14/10.0.0.214:7000(/10.0.0.214:42200)->/10.0.0.216:7000-SMALL_MESSAGES-a3b9864e successfully connected, version = 12, framing = CRC, encryption = unencrypted
INFO  [Messaging-EventLoop-3-3] 2023-07-06 16:50:54,054 OutboundConnection.java:1150 - razor14/10.0.0.214:7000(/10.0.0.214:34038)->/10.0.0.215:7000-LARGE_MESSAGES-b9f4d20d successfully connected, version = 12, framing = CRC, encryption = unencrypted
INFO  [Messaging-EventLoop-3-2] 2023-07-06 16:50:54,054 OutboundConnection.java:1150 - razor14/10.0.0.214:7000(/10.0.0.214:34036)->/10.0.0.215:7000-SMALL_MESSAGES-8fbf4c3f successfully connected, version = 12, framing = CRC, encryption = unencrypted
INFO  [Messaging-EventLoop-3-17] 2023-07-06 16:50:54,054 OutboundConnection.java:1150 - razor14/10.0.0.214:7000(/10.0.0.214:58888)->/10.0.0.217:7000-LARGE_MESSAGES-b4bd12eb successfully connected, version = 12, framing = CRC, encryption = unencrypted
INFO  [Messaging-EventLoop-3-16] 2023-07-06 16:50:54,054 OutboundConnection.java:1150 - razor14/10.0.0.214:7000(/10.0.0.214:58886)->/10.0.0.217:7000-SMALL_MESSAGES-0391e60d successfully connected, version = 12, framing = CRC, encryption = unencrypted
INFO  [StorageServiceShutdownHook] 2023-07-06 16:50:56,077 ColumnFamilyStore.java:881 - Enqueuing flush of my_table: 0.939KiB (0%) on-heap, 0.000KiB (0%) off-heap
INFO  [PerDiskMemtableFlushWriter_0:44] 2023-07-06 16:50:56,081 Memtable.java:499 - Writing Memtable-my_table@1420964465(0.098KiB serialized bytes, 2 ops, 0%/0% of on/off-heap limit), flushed range = (min(-9223372036854775808), max(9223372036854775807)]
INFO  [PerDiskMemtableFlushWriter_0:44] 2023-07-06 16:50:56,081 Memtable.java:528 - Completed flushing /home/ruiming/cas/data/data/my_keyspace/my_table-fe77d0d01b9b11eeae10af110c93748f/nb-1-big-Data.db (0.082KiB) for commitlog position CommitLogPosition(segmentId=1688606133965, position=11714954)
INFO  [StorageServiceShutdownHook] 2023-07-06 16:50:56,150 ColumnFamilyStore.java:881 - Enqueuing flush of compaction_history: 3.440KiB (0%) on-heap, 0.000KiB (0%) off-heap
INFO  [StorageServiceShutdownHook] 2023-07-06 16:50:56,151 ColumnFamilyStore.java:881 - Enqueuing flush of size_estimates: 113.647KiB (0%) on-heap, 0.000KiB (0%) off-heap
INFO  [StorageServiceShutdownHook] 2023-07-06 16:50:56,151 ColumnFamilyStore.java:881 - Enqueuing flush of table_estimates: 248.860KiB (0%) on-heap, 0.000KiB (0%) off-heap
INFO  [StorageServiceShutdownHook] 2023-07-06 16:50:56,152 ColumnFamilyStore.java:881 - Enqueuing flush of sstable_activity: 4.040KiB (0%) on-heap, 0.000KiB (0%) off-heap
INFO  [PerDiskMemtableFlushWriter_0:45] 2023-07-06 16:50:56,153 Memtable.java:499 - Writing Memtable-compaction_history@1491293087(0.619KiB serialized bytes, 3 ops, 0%/0% of on/off-heap limit), flushed range = (min(-9223372036854775808), max(9223372036854775807)]
INFO  [PerDiskMemtableFlushWriter_0:44] 2023-07-06 16:50:56,153 Memtable.java:499 - Writing Memtable-size_estimates@1517672087(21.010KiB serialized bytes, 1309 ops, 0%/0% of on/off-heap limit), flushed range = (min(-9223372036854775808), max(9223372036854775807)]
INFO  [PerDiskMemtableFlushWriter_0:45] 2023-07-06 16:50:56,154 Memtable.java:528 - Completed flushing /home/ruiming/cas/data/data/system/compaction_history-b4dbb7b4dc493fb5b3bfce6e434832ca/nb-8-big-Data.db (0.342KiB) for commitlog position CommitLogPosition(segmentId=1688606133965, position=11714954)
INFO  [PerDiskMemtableFlushWriter_0:44] 2023-07-06 16:50:56,154 Memtable.java:528 - Completed flushing /home/ruiming/cas/data/data/system/size_estimates-618f817b005f3678b8a453f3930b8e86/nb-26-big-Data.db (15.013KiB) for commitlog position CommitLogPosition(segmentId=1688606133965, position=11714954)
INFO  [PerDiskMemtableFlushWriter_0:45] 2023-07-06 16:50:56,224 Memtable.java:499 - Writing Memtable-table_estimates@1445242611(45.426KiB serialized bytes, 2618 ops, 0%/0% of on/off-heap limit), flushed range = (min(-9223372036854775808), max(9223372036854775807)]
INFO  [PerDiskMemtableFlushWriter_0:44] 2023-07-06 16:50:56,224 Memtable.java:499 - Writing Memtable-sstable_activity@1581930753(0.177KiB serialized bytes, 19 ops, 0%/0% of on/off-heap limit), flushed range = (min(-9223372036854775808), max(9223372036854775807)]
INFO  [PerDiskMemtableFlushWriter_0:44] 2023-07-06 16:50:56,224 Memtable.java:528 - Completed flushing /home/ruiming/cas/data/data/system/sstable_activity-5a1ff267ace03f128563cfae6103c65e/nb-26-big-Data.db (0.646KiB) for commitlog position CommitLogPosition(segmentId=1688606133965, position=11714954)
INFO  [PerDiskMemtableFlushWriter_0:45] 2023-07-06 16:50:56,225 Memtable.java:528 - Completed flushing /home/ruiming/cas/data/data/system/table_estimates-176c39cdb93d33a5a2188eb06a56f66e/nb-26-big-Data.db (34.169KiB) for commitlog position CommitLogPosition(segmentId=1688606133965, position=11714954)
INFO  [StorageServiceShutdownHook] 2023-07-06 16:50:56,293 HintsService.java:222 - Paused hints dispatch
